Using pre-set license
Built from '2020.3/staging' branch; Version is '2020.3.20f1 (41c4e627c95f) revision 4310246'; Using compiler version '192528614'; Build Type 'Release'
OS: 'Windows 10 Pro; OS build 19043.1288; Version 2009; 64bit' Language: 'en' Physical Memory: 32710 MB
BatchMode: 1, IsHumanControllingUs: 0, StartBugReporterOnCrash: 0, Is64bit: 1, IsPro: 0

COMMAND LINE ARGUMENTS:
C:\Program Files\Unity\Hub\Editor\2020.3.20f1\Editor\Unity.exe
-adb2
-batchMode
-noUpm
-name
AssetImportWorker0
-projectPath
C:/DEV/UnityProjects/UnityCookbook
-logFile
Logs/AssetImportWorker0.log
-srvPort
62092
Successfully changed project path to: C:/DEV/UnityProjects/UnityCookbook
C:/DEV/UnityProjects/UnityCookbook
Using Asset Import Pipeline V2.
Refreshing native plugins compatible for Editor in 53.98 ms, found 2 plugins.
Preloading 0 native plugins for Editor in 0.00 ms.
Initialize engine version: 2020.3.20f1 (41c4e627c95f)
[Subsystems] Discovering subsystems at path C:/Program Files/Unity/Hub/Editor/2020.3.20f1/Editor/Data/Resources/UnitySubsystems
[Subsystems] Discovering subsystems at path C:/DEV/UnityProjects/UnityCookbook/Assets
GfxDevice: creating device client; threaded=0
Direct3D:
    Version:  Direct3D 11.0 [level 11.1]
    Renderer: NVIDIA GeForce RTX 2080 (ID=0x1e87)
    Vendor:   
    VRAM:     8010 MB
    Driver:   30.0.14.7168
Initialize mono
Mono path[0] = 'C:/Program Files/Unity/Hub/Editor/2020.3.20f1/Editor/Data/Managed'
Mono path[1] = 'C:/Program Files/Unity/Hub/Editor/2020.3.20f1/Editor/Data/MonoBleedingEdge/lib/mono/unityjit'
Mono config path = 'C:/Program Files/Unity/Hub/Editor/2020.3.20f1/Editor/Data/MonoBleedingEdge/etc'
Using monoOptions --debugger-agent=transport=dt_socket,embedding=1,server=y,suspend=n,address=127.0.0.1:56848
Begin MonoManager ReloadAssembly
Registering precompiled unity dll's ...
Register platform support module: C:/Program Files/Unity/Hub/Editor/2020.3.20f1/Editor/Data/PlaybackEngines/WindowsStandaloneSupport/UnityEditor.WindowsStandalone.Extensions.dll
Registered in 0.001743 seconds.
Native extension for WindowsStandalone target not found
Refreshing native plugins compatible for Editor in 51.42 ms, found 2 plugins.
Preloading 0 native plugins for Editor in 0.00 ms.
Mono: successfully reloaded assembly
- Completed reload, in  1.020 seconds
Domain Reload Profiling:
	ReloadAssembly (1020ms)
		BeginReloadAssembly (44ms)
			ExecutionOrderSort (0ms)
			DisableScriptedObjects (0ms)
			BackupInstance (0ms)
			ReleaseScriptingObjects (0ms)
			CreateAndSetChildDomain (1ms)
		EndReloadAssembly (401ms)
			LoadAssemblies (42ms)
			RebuildTransferFunctionScriptingTraits (0ms)
			SetupTypeCache (161ms)
			ReleaseScriptCaches (0ms)
			RebuildScriptCaches (25ms)
			SetupLoadedEditorAssemblies (150ms)
				LogAssemblyErrors (0ms)
				InitializePlatformSupportModulesInManaged (3ms)
				SetLoadedEditorAssemblies (0ms)
				RefreshPlugins (51ms)
				BeforeProcessingInitializeOnLoad (12ms)
				ProcessInitializeOnLoadAttributes (61ms)
				ProcessInitializeOnLoadMethodAttributes (23ms)
				AfterProcessingInitializeOnLoad (0ms)
				EditorAssembliesLoaded (0ms)
			ExecutionOrderSort2 (0ms)
			AwakeInstancesAfterBackupRestoration (0ms)
Platform modules already initialized, skipping
Registering precompiled user dll's ...
Registered in 0.003118 seconds.
Begin MonoManager ReloadAssembly
Native extension for WindowsStandalone target not found
Refreshing native plugins compatible for Editor in 55.09 ms, found 2 plugins.
Preloading 0 native plugins for Editor in 0.00 ms.
Mono: successfully reloaded assembly
- Completed reload, in  0.999 seconds
Domain Reload Profiling:
	ReloadAssembly (999ms)
		BeginReloadAssembly (120ms)
			ExecutionOrderSort (0ms)
			DisableScriptedObjects (4ms)
			BackupInstance (0ms)
			ReleaseScriptingObjects (0ms)
			CreateAndSetChildDomain (17ms)
		EndReloadAssembly (825ms)
			LoadAssemblies (73ms)
			RebuildTransferFunctionScriptingTraits (0ms)
			SetupTypeCache (266ms)
			ReleaseScriptCaches (1ms)
			RebuildScriptCaches (48ms)
			SetupLoadedEditorAssemblies (335ms)
				LogAssemblyErrors (0ms)
				InitializePlatformSupportModulesInManaged (2ms)
				SetLoadedEditorAssemblies (0ms)
				RefreshPlugins (55ms)
				BeforeProcessingInitializeOnLoad (80ms)
				ProcessInitializeOnLoadAttributes (184ms)
				ProcessInitializeOnLoadMethodAttributes (7ms)
				AfterProcessingInitializeOnLoad (6ms)
				EditorAssembliesLoaded (0ms)
			ExecutionOrderSort2 (0ms)
			AwakeInstancesAfterBackupRestoration (5ms)
Platform modules already initialized, skipping
========================================================================
Worker process is ready to serve import requests
Launched and connected shader compiler UnityShaderCompiler.exe after 0.04 seconds
Refreshing native plugins compatible for Editor in 0.64 ms, found 2 plugins.
Preloading 0 native plugins for Editor in 0.00 ms.
Unloading 3179 Unused Serialized files (Serialized files now loaded: 0)
System memory in use before: 146.8 MB.
System memory in use after: 147.0 MB.

Unloading 18 unused Assets to reduce memory usage. Loaded Objects now: 3623.
Total: 3.125900 ms (FindLiveObjects: 0.336300 ms CreateObjectMapping: 0.080500 ms MarkObjects: 2.639700 ms  DeleteObjects: 0.068300 ms)

AssetImportParameters requested are different than current active one (requested -> active):
  custom:framework-win-MediaFoundation: 216162199b28c13a410421893ffa2e32 -> 
  custom:video-decoder-ogg-theora: a1e56fd34408186e4bbccfd4996cb3dc -> 
  custom:container-muxer-webm: aa71ff27fc2769a1b78a27578f13a17b -> 
  custom:container-demuxer-webm: 4f35f7cbe854078d1ac9338744f61a02 -> 
  custom:container-demuxer-ogg: 62fdf1f143b41e24485cea50d1cbac27 -> 
  custom:video-encoder-webm-vp8: eb34c28f22e8b96e1ab97ce403110664 -> 
  custom:video-decoder-webm-vp8: 9c59270c3fd7afecdb556c50c9e8de78 -> 
  custom:audio-decoder-ogg-vorbis: bf7c407c2cedff20999df2af8eb42d56 -> 
  custom:audio-encoder-webm-vorbis: bf7c407c2cedff20999df2af8eb42d56 -> 
========================================================================
Received Import Request.
  path: Assets/Scripts/AI/EnemyAvoider.cs
  artifactKey: Guid(88a11f2d0b99a104e87f4a6343d49bb4) Importer(815301076,1909f56bfc062723c751e8b465ee728b)
Start importing Assets/Scripts/AI/EnemyAvoider.cs using Guid(88a11f2d0b99a104e87f4a6343d49bb4) Importer(815301076,1909f56bfc062723c751e8b465ee728b)  -> (artifact id: '3308dbe77b2a908b2d35873431bc6c3d') in 0.031979 seconds 
  Import took 0.037374 seconds .

========================================================================
Received Import Request.
  Time since last request: 233.542604 seconds.
  path: Assets/Scripts/AI/EnemyVisibility.cs
  artifactKey: Guid(3d74f9467e46c6f49bd455581f5ced53) Importer(815301076,1909f56bfc062723c751e8b465ee728b)
Start importing Assets/Scripts/AI/EnemyVisibility.cs using Guid(3d74f9467e46c6f49bd455581f5ced53) Importer(815301076,1909f56bfc062723c751e8b465ee728b)  -> (artifact id: '199ed618e9b943121370e9c7390d1502') in 0.006648 seconds 
  Import took 0.011724 seconds .

========================================================================
Received Prepare
Registering precompiled user dll's ...
Registered in 0.003212 seconds.
Begin MonoManager ReloadAssembly
Native extension for WindowsStandalone target not found
Refreshing native plugins compatible for Editor in 0.64 ms, found 2 plugins.
Preloading 0 native plugins for Editor in 0.00 ms.
Mono: successfully reloaded assembly
- Completed reload, in  0.940 seconds
Domain Reload Profiling:
	ReloadAssembly (940ms)
		BeginReloadAssembly (109ms)
			ExecutionOrderSort (0ms)
			DisableScriptedObjects (4ms)
			BackupInstance (0ms)
			ReleaseScriptingObjects (0ms)
			CreateAndSetChildDomain (36ms)
		EndReloadAssembly (774ms)
			LoadAssemblies (78ms)
			RebuildTransferFunctionScriptingTraits (0ms)
			SetupTypeCache (271ms)
			ReleaseScriptCaches (1ms)
			RebuildScriptCaches (40ms)
			SetupLoadedEditorAssemblies (294ms)
				LogAssemblyErrors (0ms)
				InitializePlatformSupportModulesInManaged (3ms)
				SetLoadedEditorAssemblies (0ms)
				RefreshPlugins (1ms)
				BeforeProcessingInitializeOnLoad (79ms)
				ProcessInitializeOnLoadAttributes (197ms)
				ProcessInitializeOnLoadMethodAttributes (8ms)
				AfterProcessingInitializeOnLoad (6ms)
				EditorAssembliesLoaded (0ms)
			ExecutionOrderSort2 (0ms)
			AwakeInstancesAfterBackupRestoration (8ms)
Platform modules already initialized, skipping
Refreshing native plugins compatible for Editor in 0.67 ms, found 2 plugins.
Preloading 0 native plugins for Editor in 0.00 ms.
Unloading 3038 Unused Serialized files (Serialized files now loaded: 0)
System memory in use before: 136.7 MB.
System memory in use after: 136.9 MB.

Unloading 14 unused Assets to reduce memory usage. Loaded Objects now: 3624.
Total: 3.148800 ms (FindLiveObjects: 0.359700 ms CreateObjectMapping: 0.078900 ms MarkObjects: 2.688100 ms  DeleteObjects: 0.020000 ms)

AssetImportParameters requested are different than current active one (requested -> active):
  custom:framework-win-MediaFoundation: 216162199b28c13a410421893ffa2e32 -> 
  custom:video-decoder-ogg-theora: a1e56fd34408186e4bbccfd4996cb3dc -> 
  custom:container-muxer-webm: aa71ff27fc2769a1b78a27578f13a17b -> 
  custom:container-demuxer-webm: 4f35f7cbe854078d1ac9338744f61a02 -> 
  custom:container-demuxer-ogg: 62fdf1f143b41e24485cea50d1cbac27 -> 
  custom:video-encoder-webm-vp8: eb34c28f22e8b96e1ab97ce403110664 -> 
  custom:video-decoder-webm-vp8: 9c59270c3fd7afecdb556c50c9e8de78 -> 
  custom:audio-decoder-ogg-vorbis: bf7c407c2cedff20999df2af8eb42d56 -> 
  custom:audio-encoder-webm-vorbis: bf7c407c2cedff20999df2af8eb42d56 -> 
========================================================================
Received Import Request.
  Time since last request: 74.186251 seconds.
  path: Assets/Scripts/AI/EnemyAvoider.cs
  artifactKey: Guid(88a11f2d0b99a104e87f4a6343d49bb4) Importer(815301076,1909f56bfc062723c751e8b465ee728b)
Start importing Assets/Scripts/AI/EnemyAvoider.cs using Guid(88a11f2d0b99a104e87f4a6343d49bb4) Importer(815301076,1909f56bfc062723c751e8b465ee728b)  -> (artifact id: 'ca69f3be20ac3331fa6529f36fd3b43a') in 0.006115 seconds 
  Import took 0.011581 seconds .

========================================================================
Received Prepare
Registering precompiled user dll's ...
Registered in 0.003573 seconds.
Begin MonoManager ReloadAssembly
Native extension for WindowsStandalone target not found
Refreshing native plugins compatible for Editor in 0.71 ms, found 2 plugins.
Preloading 0 native plugins for Editor in 0.00 ms.
Mono: successfully reloaded assembly
- Completed reload, in  0.913 seconds
Domain Reload Profiling:
	ReloadAssembly (913ms)
		BeginReloadAssembly (102ms)
			ExecutionOrderSort (0ms)
			DisableScriptedObjects (4ms)
			BackupInstance (0ms)
			ReleaseScriptingObjects (0ms)
			CreateAndSetChildDomain (35ms)
		EndReloadAssembly (756ms)
			LoadAssemblies (76ms)
			RebuildTransferFunctionScriptingTraits (0ms)
			SetupTypeCache (261ms)
			ReleaseScriptCaches (1ms)
			RebuildScriptCaches (40ms)
			SetupLoadedEditorAssemblies (280ms)
				LogAssemblyErrors (0ms)
				InitializePlatformSupportModulesInManaged (3ms)
				SetLoadedEditorAssemblies (0ms)
				RefreshPlugins (1ms)
				BeforeProcessingInitializeOnLoad (75ms)
				ProcessInitializeOnLoadAttributes (187ms)
				ProcessInitializeOnLoadMethodAttributes (8ms)
				AfterProcessingInitializeOnLoad (6ms)
				EditorAssembliesLoaded (0ms)
			ExecutionOrderSort2 (0ms)
			AwakeInstancesAfterBackupRestoration (8ms)
Platform modules already initialized, skipping
Refreshing native plugins compatible for Editor in 0.72 ms, found 2 plugins.
Preloading 0 native plugins for Editor in 0.00 ms.
Unloading 3039 Unused Serialized files (Serialized files now loaded: 0)
System memory in use before: 136.7 MB.
System memory in use after: 137.0 MB.

Unloading 13 unused Assets to reduce memory usage. Loaded Objects now: 3627.
Total: 3.199600 ms (FindLiveObjects: 0.363600 ms CreateObjectMapping: 0.080600 ms MarkObjects: 2.734000 ms  DeleteObjects: 0.020100 ms)

AssetImportParameters requested are different than current active one (requested -> active):
  custom:framework-win-MediaFoundation: 216162199b28c13a410421893ffa2e32 -> 
  custom:video-decoder-ogg-theora: a1e56fd34408186e4bbccfd4996cb3dc -> 
  custom:container-muxer-webm: aa71ff27fc2769a1b78a27578f13a17b -> 
  custom:container-demuxer-webm: 4f35f7cbe854078d1ac9338744f61a02 -> 
  custom:container-demuxer-ogg: 62fdf1f143b41e24485cea50d1cbac27 -> 
  custom:video-encoder-webm-vp8: eb34c28f22e8b96e1ab97ce403110664 -> 
  custom:video-decoder-webm-vp8: 9c59270c3fd7afecdb556c50c9e8de78 -> 
  custom:audio-decoder-ogg-vorbis: bf7c407c2cedff20999df2af8eb42d56 -> 
  custom:audio-encoder-webm-vorbis: bf7c407c2cedff20999df2af8eb42d56 -> 
========================================================================
Received Import Request.
  Time since last request: 7.779049 seconds.
  path: Assets/Scripts/AI/EnemyAvoider.cs
  artifactKey: Guid(88a11f2d0b99a104e87f4a6343d49bb4) Importer(815301076,1909f56bfc062723c751e8b465ee728b)
Start importing Assets/Scripts/AI/EnemyAvoider.cs using Guid(88a11f2d0b99a104e87f4a6343d49bb4) Importer(815301076,1909f56bfc062723c751e8b465ee728b)  -> (artifact id: '04641872a52d4494957f7518e8950c7b') in 0.006143 seconds 
  Import took 0.011791 seconds .

========================================================================
Received Import Request.
  Time since last request: 77.585933 seconds.
  path: Assets/Scripts/AI/EnemyAvoider.cs
  artifactKey: Guid(88a11f2d0b99a104e87f4a6343d49bb4) Importer(815301076,1909f56bfc062723c751e8b465ee728b)
Start importing Assets/Scripts/AI/EnemyAvoider.cs using Guid(88a11f2d0b99a104e87f4a6343d49bb4) Importer(815301076,1909f56bfc062723c751e8b465ee728b)  -> (artifact id: 'a252fb2650c18438f7ea62e5590c1512') in 0.006905 seconds 
  Import took 0.011930 seconds .

========================================================================
Received Import Request.
  Time since last request: 60.495929 seconds.
  path: Assets/Scripts/AI/EnemyAvoider.cs
  artifactKey: Guid(88a11f2d0b99a104e87f4a6343d49bb4) Importer(815301076,1909f56bfc062723c751e8b465ee728b)
Start importing Assets/Scripts/AI/EnemyAvoider.cs using Guid(88a11f2d0b99a104e87f4a6343d49bb4) Importer(815301076,1909f56bfc062723c751e8b465ee728b)  -> (artifact id: '669c0ec6e772a5ad81e600f8c1e1cdda') in 0.003454 seconds 
  Import took 0.008343 seconds .

========================================================================
Received Prepare
Registering precompiled user dll's ...
Registered in 0.029927 seconds.
Begin MonoManager ReloadAssembly
Native extension for WindowsStandalone target not found
Refreshing native plugins compatible for Editor in 0.74 ms, found 2 plugins.
Preloading 0 native plugins for Editor in 0.00 ms.
Mono: successfully reloaded assembly
- Completed reload, in  0.988 seconds
Domain Reload Profiling:
	ReloadAssembly (988ms)
		BeginReloadAssembly (103ms)
			ExecutionOrderSort (0ms)
			DisableScriptedObjects (5ms)
			BackupInstance (0ms)
			ReleaseScriptingObjects (0ms)
			CreateAndSetChildDomain (31ms)
		EndReloadAssembly (829ms)
			LoadAssemblies (73ms)
			RebuildTransferFunctionScriptingTraits (0ms)
			SetupTypeCache (259ms)
			ReleaseScriptCaches (1ms)
			RebuildScriptCaches (37ms)
			SetupLoadedEditorAssemblies (342ms)
				LogAssemblyErrors (0ms)
				InitializePlatformSupportModulesInManaged (3ms)
				SetLoadedEditorAssemblies (0ms)
				RefreshPlugins (1ms)
				BeforeProcessingInitializeOnLoad (75ms)
				ProcessInitializeOnLoadAttributes (246ms)
				ProcessInitializeOnLoadMethodAttributes (7ms)
				AfterProcessingInitializeOnLoad (10ms)
				EditorAssembliesLoaded (0ms)
			ExecutionOrderSort2 (0ms)
			AwakeInstancesAfterBackupRestoration (9ms)
Platform modules already initialized, skipping
Refreshing native plugins compatible for Editor in 0.65 ms, found 2 plugins.
Preloading 0 native plugins for Editor in 0.00 ms.
Unloading 3039 Unused Serialized files (Serialized files now loaded: 0)
System memory in use before: 136.8 MB.
System memory in use after: 137.0 MB.

Unloading 13 unused Assets to reduce memory usage. Loaded Objects now: 3629.
Total: 3.061600 ms (FindLiveObjects: 0.337900 ms CreateObjectMapping: 0.077500 ms MarkObjects: 2.627900 ms  DeleteObjects: 0.017200 ms)

AssetImportParameters requested are different than current active one (requested -> active):
  custom:framework-win-MediaFoundation: 216162199b28c13a410421893ffa2e32 -> 
  custom:video-decoder-ogg-theora: a1e56fd34408186e4bbccfd4996cb3dc -> 
  custom:container-muxer-webm: aa71ff27fc2769a1b78a27578f13a17b -> 
  custom:container-demuxer-webm: 4f35f7cbe854078d1ac9338744f61a02 -> 
  custom:container-demuxer-ogg: 62fdf1f143b41e24485cea50d1cbac27 -> 
  custom:video-encoder-webm-vp8: eb34c28f22e8b96e1ab97ce403110664 -> 
  custom:video-decoder-webm-vp8: 9c59270c3fd7afecdb556c50c9e8de78 -> 
  custom:audio-decoder-ogg-vorbis: bf7c407c2cedff20999df2af8eb42d56 -> 
  custom:audio-encoder-webm-vorbis: bf7c407c2cedff20999df2af8eb42d56 -> 
========================================================================
Received Import Request.
  Time since last request: 56.269338 seconds.
  path: Assets/Scenes/AI/EnemyAvoider.unity
  artifactKey: Guid(1f3d3ab32dabfe14bb6a5b0eefba6507) Importer(815301076,1909f56bfc062723c751e8b465ee728b)
Start importing Assets/Scenes/AI/EnemyAvoider.unity using Guid(1f3d3ab32dabfe14bb6a5b0eefba6507) Importer(815301076,1909f56bfc062723c751e8b465ee728b)  -> (artifact id: '438aa07fb6db76c22ce80b45ce0ae4cf') in 0.041671 seconds 
  Import took 0.046824 seconds .

========================================================================
Received Prepare
Registering precompiled user dll's ...
Registered in 0.003730 seconds.
Begin MonoManager ReloadAssembly
Native extension for WindowsStandalone target not found
Refreshing native plugins compatible for Editor in 0.71 ms, found 2 plugins.
Preloading 0 native plugins for Editor in 0.00 ms.
Mono: successfully reloaded assembly
- Completed reload, in  0.906 seconds
Domain Reload Profiling:
	ReloadAssembly (906ms)
		BeginReloadAssembly (103ms)
			ExecutionOrderSort (0ms)
			DisableScriptedObjects (4ms)
			BackupInstance (0ms)
			ReleaseScriptingObjects (0ms)
			CreateAndSetChildDomain (34ms)
		EndReloadAssembly (747ms)
			LoadAssemblies (79ms)
			RebuildTransferFunctionScriptingTraits (0ms)
			SetupTypeCache (272ms)
			ReleaseScriptCaches (1ms)
			RebuildScriptCaches (38ms)
			SetupLoadedEditorAssemblies (267ms)
				LogAssemblyErrors (0ms)
				InitializePlatformSupportModulesInManaged (3ms)
				SetLoadedEditorAssemblies (0ms)
				RefreshPlugins (1ms)
				BeforeProcessingInitializeOnLoad (75ms)
				ProcessInitializeOnLoadAttributes (175ms)
				ProcessInitializeOnLoadMethodAttributes (7ms)
				AfterProcessingInitializeOnLoad (6ms)
				EditorAssembliesLoaded (0ms)
			ExecutionOrderSort2 (0ms)
			AwakeInstancesAfterBackupRestoration (7ms)
Platform modules already initialized, skipping
Refreshing native plugins compatible for Editor in 0.67 ms, found 2 plugins.
Preloading 0 native plugins for Editor in 0.00 ms.
Unloading 3039 Unused Serialized files (Serialized files now loaded: 0)
System memory in use before: 136.8 MB.
System memory in use after: 137.0 MB.

Unloading 13 unused Assets to reduce memory usage. Loaded Objects now: 3631.
Total: 3.572800 ms (FindLiveObjects: 0.354100 ms CreateObjectMapping: 0.077200 ms MarkObjects: 3.118200 ms  DeleteObjects: 0.021500 ms)

AssetImportParameters requested are different than current active one (requested -> active):
  custom:framework-win-MediaFoundation: 216162199b28c13a410421893ffa2e32 -> 
  custom:video-decoder-ogg-theora: a1e56fd34408186e4bbccfd4996cb3dc -> 
  custom:container-muxer-webm: aa71ff27fc2769a1b78a27578f13a17b -> 
  custom:container-demuxer-webm: 4f35f7cbe854078d1ac9338744f61a02 -> 
  custom:container-demuxer-ogg: 62fdf1f143b41e24485cea50d1cbac27 -> 
  custom:video-encoder-webm-vp8: eb34c28f22e8b96e1ab97ce403110664 -> 
  custom:video-decoder-webm-vp8: 9c59270c3fd7afecdb556c50c9e8de78 -> 
  custom:audio-decoder-ogg-vorbis: bf7c407c2cedff20999df2af8eb42d56 -> 
  custom:audio-encoder-webm-vorbis: bf7c407c2cedff20999df2af8eb42d56 -> 
========================================================================
Received Prepare
Registering precompiled user dll's ...
Registered in 0.003448 seconds.
Begin MonoManager ReloadAssembly
Native extension for WindowsStandalone target not found
Refreshing native plugins compatible for Editor in 0.78 ms, found 2 plugins.
Preloading 0 native plugins for Editor in 0.00 ms.
Mono: successfully reloaded assembly
- Completed reload, in  0.987 seconds
Domain Reload Profiling:
	ReloadAssembly (987ms)
		BeginReloadAssembly (145ms)
			ExecutionOrderSort (0ms)
			DisableScriptedObjects (4ms)
			BackupInstance (0ms)
			ReleaseScriptingObjects (0ms)
			CreateAndSetChildDomain (41ms)
		EndReloadAssembly (779ms)
			LoadAssemblies (103ms)
			RebuildTransferFunctionScriptingTraits (0ms)
			SetupTypeCache (272ms)
			ReleaseScriptCaches (1ms)
			RebuildScriptCaches (39ms)
			SetupLoadedEditorAssemblies (287ms)
				LogAssemblyErrors (0ms)
				InitializePlatformSupportModulesInManaged (4ms)
				SetLoadedEditorAssemblies (0ms)
				RefreshPlugins (1ms)
				BeforeProcessingInitializeOnLoad (80ms)
				ProcessInitializeOnLoadAttributes (187ms)
				ProcessInitializeOnLoadMethodAttributes (9ms)
				AfterProcessingInitializeOnLoad (6ms)
				EditorAssembliesLoaded (0ms)
			ExecutionOrderSort2 (0ms)
			AwakeInstancesAfterBackupRestoration (7ms)
Platform modules already initialized, skipping
Refreshing native plugins compatible for Editor in 0.67 ms, found 2 plugins.
Preloading 0 native plugins for Editor in 0.00 ms.
Unloading 3040 Unused Serialized files (Serialized files now loaded: 0)
System memory in use before: 136.8 MB.
System memory in use after: 137.1 MB.

Unloading 13 unused Assets to reduce memory usage. Loaded Objects now: 3634.
Total: 3.121900 ms (FindLiveObjects: 0.352900 ms CreateObjectMapping: 0.082200 ms MarkObjects: 2.668800 ms  DeleteObjects: 0.016400 ms)

AssetImportParameters requested are different than current active one (requested -> active):
  custom:framework-win-MediaFoundation: 216162199b28c13a410421893ffa2e32 -> 
  custom:video-decoder-ogg-theora: a1e56fd34408186e4bbccfd4996cb3dc -> 
  custom:container-muxer-webm: aa71ff27fc2769a1b78a27578f13a17b -> 
  custom:container-demuxer-webm: 4f35f7cbe854078d1ac9338744f61a02 -> 
  custom:container-demuxer-ogg: 62fdf1f143b41e24485cea50d1cbac27 -> 
  custom:video-encoder-webm-vp8: eb34c28f22e8b96e1ab97ce403110664 -> 
  custom:video-decoder-webm-vp8: 9c59270c3fd7afecdb556c50c9e8de78 -> 
  custom:audio-decoder-ogg-vorbis: bf7c407c2cedff20999df2af8eb42d56 -> 
  custom:audio-encoder-webm-vorbis: bf7c407c2cedff20999df2af8eb42d56 -> 
========================================================================
Received Import Request.
  Time since last request: 596.257101 seconds.
  path: Assets/Scripts/AI/StateMachine.cs
  artifactKey: Guid(01c072aed872dd04086f49460d7c5ecb) Importer(815301076,1909f56bfc062723c751e8b465ee728b)
Start importing Assets/Scripts/AI/StateMachine.cs using Guid(01c072aed872dd04086f49460d7c5ecb) Importer(815301076,1909f56bfc062723c751e8b465ee728b)  -> (artifact id: 'ca83aa00f338346d76497871a39ae615') in 0.010932 seconds 
  Import took 0.015910 seconds .

========================================================================
Received Prepare
Registering precompiled user dll's ...
Registered in 0.003821 seconds.
Begin MonoManager ReloadAssembly
Native extension for WindowsStandalone target not found
Refreshing native plugins compatible for Editor in 0.68 ms, found 2 plugins.
Preloading 0 native plugins for Editor in 0.00 ms.
Mono: successfully reloaded assembly
- Completed reload, in  0.923 seconds
Domain Reload Profiling:
	ReloadAssembly (924ms)
		BeginReloadAssembly (102ms)
			ExecutionOrderSort (0ms)
			DisableScriptedObjects (4ms)
			BackupInstance (0ms)
			ReleaseScriptingObjects (0ms)
			CreateAndSetChildDomain (36ms)
		EndReloadAssembly (767ms)
			LoadAssemblies (77ms)
			RebuildTransferFunctionScriptingTraits (0ms)
			SetupTypeCache (271ms)
			ReleaseScriptCaches (1ms)
			RebuildScriptCaches (39ms)
			SetupLoadedEditorAssemblies (283ms)
				LogAssemblyErrors (0ms)
				InitializePlatformSupportModulesInManaged (3ms)
				SetLoadedEditorAssemblies (0ms)
				RefreshPlugins (1ms)
				BeforeProcessingInitializeOnLoad (85ms)
				ProcessInitializeOnLoadAttributes (179ms)
				ProcessInitializeOnLoadMethodAttributes (7ms)
				AfterProcessingInitializeOnLoad (6ms)
				EditorAssembliesLoaded (0ms)
			ExecutionOrderSort2 (0ms)
			AwakeInstancesAfterBackupRestoration (9ms)
Platform modules already initialized, skipping
Refreshing native plugins compatible for Editor in 0.84 ms, found 2 plugins.
Preloading 0 native plugins for Editor in 0.00 ms.
Unloading 3040 Unused Serialized files (Serialized files now loaded: 0)
System memory in use before: 136.8 MB.
System memory in use after: 137.1 MB.

Unloading 13 unused Assets to reduce memory usage. Loaded Objects now: 3636.
Total: 3.660000 ms (FindLiveObjects: 0.362100 ms CreateObjectMapping: 0.092400 ms MarkObjects: 3.171000 ms  DeleteObjects: 0.033000 ms)

AssetImportParameters requested are different than current active one (requested -> active):
  custom:framework-win-MediaFoundation: 216162199b28c13a410421893ffa2e32 -> 
  custom:video-decoder-ogg-theora: a1e56fd34408186e4bbccfd4996cb3dc -> 
  custom:container-muxer-webm: aa71ff27fc2769a1b78a27578f13a17b -> 
  custom:container-demuxer-webm: 4f35f7cbe854078d1ac9338744f61a02 -> 
  custom:container-demuxer-ogg: 62fdf1f143b41e24485cea50d1cbac27 -> 
  custom:video-encoder-webm-vp8: eb34c28f22e8b96e1ab97ce403110664 -> 
  custom:video-decoder-webm-vp8: 9c59270c3fd7afecdb556c50c9e8de78 -> 
  custom:audio-decoder-ogg-vorbis: bf7c407c2cedff20999df2af8eb42d56 -> 
  custom:audio-encoder-webm-vorbis: bf7c407c2cedff20999df2af8eb42d56 -> 
========================================================================
Received Import Request.
  Time since last request: 35.862244 seconds.
  path: Assets/Scripts/AI/StateMachine.cs
  artifactKey: Guid(01c072aed872dd04086f49460d7c5ecb) Importer(815301076,1909f56bfc062723c751e8b465ee728b)
Start importing Assets/Scripts/AI/StateMachine.cs using Guid(01c072aed872dd04086f49460d7c5ecb) Importer(815301076,1909f56bfc062723c751e8b465ee728b)  -> (artifact id: '4f456526eda03910eb800ef0aaa46b48') in 0.007278 seconds 
  Import took 0.012545 seconds .

========================================================================
Received Import Request.
  Time since last request: 85.968997 seconds.
  path: Assets/Scripts/AI/StateMachine.cs
  artifactKey: Guid(01c072aed872dd04086f49460d7c5ecb) Importer(815301076,1909f56bfc062723c751e8b465ee728b)
Start importing Assets/Scripts/AI/StateMachine.cs using Guid(01c072aed872dd04086f49460d7c5ecb) Importer(815301076,1909f56bfc062723c751e8b465ee728b)  -> (artifact id: 'e84ec04d64102b834e213709146a3aed') in 0.003463 seconds 
  Import took 0.008766 seconds .

========================================================================
Received Import Request.
  Time since last request: 78.404479 seconds.
  path: Assets/Scripts/AI/StateMachine.cs
  artifactKey: Guid(01c072aed872dd04086f49460d7c5ecb) Importer(815301076,1909f56bfc062723c751e8b465ee728b)
Start importing Assets/Scripts/AI/StateMachine.cs using Guid(01c072aed872dd04086f49460d7c5ecb) Importer(815301076,1909f56bfc062723c751e8b465ee728b)  -> (artifact id: '42a4bcd0f15950049af5c1346c14f4b6') in 0.003197 seconds 
  Import took 0.008066 seconds .

========================================================================
Received Import Request.
  Time since last request: 64.675409 seconds.
  path: Assets/Scripts/AI/StateMachine.cs
  artifactKey: Guid(01c072aed872dd04086f49460d7c5ecb) Importer(815301076,1909f56bfc062723c751e8b465ee728b)
Start importing Assets/Scripts/AI/StateMachine.cs using Guid(01c072aed872dd04086f49460d7c5ecb) Importer(815301076,1909f56bfc062723c751e8b465ee728b)  -> (artifact id: '7a189ea7c126f6d9fdf228b6a3f7b25f') in 0.003539 seconds 
  Import took 0.008953 seconds .

========================================================================
Received Import Request.
  Time since last request: 32.642834 seconds.
  path: Assets/Scripts/AI/StateMachine.cs
  artifactKey: Guid(01c072aed872dd04086f49460d7c5ecb) Importer(815301076,1909f56bfc062723c751e8b465ee728b)
Start importing Assets/Scripts/AI/StateMachine.cs using Guid(01c072aed872dd04086f49460d7c5ecb) Importer(815301076,1909f56bfc062723c751e8b465ee728b)  -> (artifact id: '1d89905d52abdf274b8787d7734f7a10') in 0.003362 seconds 
  Import took 0.008479 seconds .

========================================================================
Received Import Request.
  Time since last request: 48.768727 seconds.
  path: Assets/Scripts/AI/StateMachine.cs
  artifactKey: Guid(01c072aed872dd04086f49460d7c5ecb) Importer(815301076,1909f56bfc062723c751e8b465ee728b)
Start importing Assets/Scripts/AI/StateMachine.cs using Guid(01c072aed872dd04086f49460d7c5ecb) Importer(815301076,1909f56bfc062723c751e8b465ee728b)  -> (artifact id: 'b21450bcb888452173e5b77393ba4446') in 0.003183 seconds 
  Import took 0.007828 seconds .

========================================================================
Received Import Request.
  Time since last request: 6.268240 seconds.
  path: Assets/Scripts/AI/StateMachine.cs
  artifactKey: Guid(01c072aed872dd04086f49460d7c5ecb) Importer(815301076,1909f56bfc062723c751e8b465ee728b)
Start importing Assets/Scripts/AI/StateMachine.cs using Guid(01c072aed872dd04086f49460d7c5ecb) Importer(815301076,1909f56bfc062723c751e8b465ee728b)  -> (artifact id: '0d8b55c7a8f858b4f7586bbb1010d58e') in 0.003090 seconds 
  Import took 0.007719 seconds .

========================================================================
Received Import Request.
  Time since last request: 74.019154 seconds.
  path: Assets/Scripts/AI/StateMachine.cs
  artifactKey: Guid(01c072aed872dd04086f49460d7c5ecb) Importer(815301076,1909f56bfc062723c751e8b465ee728b)
Start importing Assets/Scripts/AI/StateMachine.cs using Guid(01c072aed872dd04086f49460d7c5ecb) Importer(815301076,1909f56bfc062723c751e8b465ee728b)  -> (artifact id: '288221aba7afed0e2330a08ada754ce5') in 0.003387 seconds 
  Import took 0.008597 seconds .

========================================================================
Received Import Request.
  Time since last request: 3.609589 seconds.
  path: Assets/Scripts/AI/StateMachine.cs
  artifactKey: Guid(01c072aed872dd04086f49460d7c5ecb) Importer(815301076,1909f56bfc062723c751e8b465ee728b)
Start importing Assets/Scripts/AI/StateMachine.cs using Guid(01c072aed872dd04086f49460d7c5ecb) Importer(815301076,1909f56bfc062723c751e8b465ee728b)  -> (artifact id: '7ad07b89798a8dcf1fde81fc41374a32') in 0.003431 seconds 
  Import took 0.008161 seconds .

========================================================================
Received Import Request.
  Time since last request: 2.296890 seconds.
  path: Assets/Scripts/AI/StateMachine.cs
  artifactKey: Guid(01c072aed872dd04086f49460d7c5ecb) Importer(815301076,1909f56bfc062723c751e8b465ee728b)
Start importing Assets/Scripts/AI/StateMachine.cs using Guid(01c072aed872dd04086f49460d7c5ecb) Importer(815301076,1909f56bfc062723c751e8b465ee728b)  -> (artifact id: '0c2d4102efc6c8e3e8caa53fff7bf082') in 0.003222 seconds 
  Import took 0.007838 seconds .

========================================================================
Received Import Request.
  Time since last request: 33.614555 seconds.
  path: Assets/Scripts/AI/StateMachine.cs
  artifactKey: Guid(01c072aed872dd04086f49460d7c5ecb) Importer(815301076,1909f56bfc062723c751e8b465ee728b)
Start importing Assets/Scripts/AI/StateMachine.cs using Guid(01c072aed872dd04086f49460d7c5ecb) Importer(815301076,1909f56bfc062723c751e8b465ee728b)  -> (artifact id: '9de3b740855388088534b38b210b5e8e') in 0.003493 seconds 
  Import took 0.008637 seconds .

========================================================================
Received Import Request.
  Time since last request: 50.233314 seconds.
  path: Assets/Scripts/AI/StateMachine.cs
  artifactKey: Guid(01c072aed872dd04086f49460d7c5ecb) Importer(815301076,1909f56bfc062723c751e8b465ee728b)
Start importing Assets/Scripts/AI/StateMachine.cs using Guid(01c072aed872dd04086f49460d7c5ecb) Importer(815301076,1909f56bfc062723c751e8b465ee728b)  -> (artifact id: '77db8893fcc9a3350c08f25d92384fc4') in 0.003278 seconds 
  Import took 0.008161 seconds .

========================================================================
Received Import Request.
  Time since last request: 79.009097 seconds.
  path: Assets/Scripts/AI/StateMachine.cs
  artifactKey: Guid(01c072aed872dd04086f49460d7c5ecb) Importer(815301076,1909f56bfc062723c751e8b465ee728b)
Start importing Assets/Scripts/AI/StateMachine.cs using Guid(01c072aed872dd04086f49460d7c5ecb) Importer(815301076,1909f56bfc062723c751e8b465ee728b)  -> (artifact id: '6793b9743f0e03bcee59b3604a71c5c9') in 0.003286 seconds 
  Import took 0.008125 seconds .

========================================================================
Received Import Request.
  Time since last request: 3.189610 seconds.
  path: Assets/Scripts/AI/StateMachine.cs
  artifactKey: Guid(01c072aed872dd04086f49460d7c5ecb) Importer(815301076,1909f56bfc062723c751e8b465ee728b)
Start importing Assets/Scripts/AI/StateMachine.cs using Guid(01c072aed872dd04086f49460d7c5ecb) Importer(815301076,1909f56bfc062723c751e8b465ee728b)  -> (artifact id: '174b0d7f95816e524deacef1e9a6c67a') in 0.003179 seconds 
  Import took 0.008013 seconds .

========================================================================
Received Import Request.
  Time since last request: 59.607224 seconds.
  path: Assets/Scripts/AI/StateMachine.cs
  artifactKey: Guid(01c072aed872dd04086f49460d7c5ecb) Importer(815301076,1909f56bfc062723c751e8b465ee728b)
Start importing Assets/Scripts/AI/StateMachine.cs using Guid(01c072aed872dd04086f49460d7c5ecb) Importer(815301076,1909f56bfc062723c751e8b465ee728b)  -> (artifact id: '28d4cba9ffac348954da57fe866670ae') in 0.003799 seconds 
  Import took 0.009014 seconds .

========================================================================
Received Import Request.
  Time since last request: 77.716322 seconds.
  path: Assets/Scripts/AI/StateMachine.cs
  artifactKey: Guid(01c072aed872dd04086f49460d7c5ecb) Importer(815301076,1909f56bfc062723c751e8b465ee728b)
Start importing Assets/Scripts/AI/StateMachine.cs using Guid(01c072aed872dd04086f49460d7c5ecb) Importer(815301076,1909f56bfc062723c751e8b465ee728b)  -> (artifact id: '1ded5865316e0d50bbf06bf77dd27017') in 0.003272 seconds 
  Import took 0.007831 seconds .

========================================================================
Received Import Request.
  Time since last request: 11.567469 seconds.
  path: Assets/Scripts/AI/StateMachine.cs
  artifactKey: Guid(01c072aed872dd04086f49460d7c5ecb) Importer(815301076,1909f56bfc062723c751e8b465ee728b)
Start importing Assets/Scripts/AI/StateMachine.cs using Guid(01c072aed872dd04086f49460d7c5ecb) Importer(815301076,1909f56bfc062723c751e8b465ee728b)  -> (artifact id: 'a75655b0d941d9a920eca6352b6b4f19') in 0.003911 seconds 
  Import took 0.009214 seconds .

========================================================================
Received Import Request.
  Time since last request: 24.192443 seconds.
  path: Assets/Scripts/AI/StateMachine.cs
  artifactKey: Guid(01c072aed872dd04086f49460d7c5ecb) Importer(815301076,1909f56bfc062723c751e8b465ee728b)
Start importing Assets/Scripts/AI/StateMachine.cs using Guid(01c072aed872dd04086f49460d7c5ecb) Importer(815301076,1909f56bfc062723c751e8b465ee728b)  -> (artifact id: '71f56819f9ee645f12a21ba063d719da') in 0.003324 seconds 
  Import took 0.007900 seconds .

========================================================================
Received Import Request.
  Time since last request: 10.065535 seconds.
  path: Assets/Scripts/AI/StateMachine.cs
  artifactKey: Guid(01c072aed872dd04086f49460d7c5ecb) Importer(815301076,1909f56bfc062723c751e8b465ee728b)
Start importing Assets/Scripts/AI/StateMachine.cs using Guid(01c072aed872dd04086f49460d7c5ecb) Importer(815301076,1909f56bfc062723c751e8b465ee728b)  -> (artifact id: 'bfd497a59ad9039bc853001e10af19b9') in 0.003269 seconds 
  Import took 0.007878 seconds .

========================================================================
Received Import Request.
  Time since last request: 92.635151 seconds.
  path: Assets/Scripts/AI/StateMachine.cs
  artifactKey: Guid(01c072aed872dd04086f49460d7c5ecb) Importer(815301076,1909f56bfc062723c751e8b465ee728b)
Start importing Assets/Scripts/AI/StateMachine.cs using Guid(01c072aed872dd04086f49460d7c5ecb) Importer(815301076,1909f56bfc062723c751e8b465ee728b)  -> (artifact id: '6a13e2a741eee4736ae0f0008fea36df') in 0.003778 seconds 
  Import took 0.009353 seconds .

========================================================================
Received Import Request.
  Time since last request: 5.974524 seconds.
  path: Assets/Scripts/AI/StateMachine.cs
  artifactKey: Guid(01c072aed872dd04086f49460d7c5ecb) Importer(815301076,1909f56bfc062723c751e8b465ee728b)
Start importing Assets/Scripts/AI/StateMachine.cs using Guid(01c072aed872dd04086f49460d7c5ecb) Importer(815301076,1909f56bfc062723c751e8b465ee728b)  -> (artifact id: '2d2aeb68389a01e382e77f6e2341262e') in 0.003287 seconds 
  Import took 0.008129 seconds .

========================================================================
Received Import Request.
  Time since last request: 17.915747 seconds.
  path: Assets/Scripts/AI/StateMachine.cs
  artifactKey: Guid(01c072aed872dd04086f49460d7c5ecb) Importer(815301076,1909f56bfc062723c751e8b465ee728b)
Start importing Assets/Scripts/AI/StateMachine.cs using Guid(01c072aed872dd04086f49460d7c5ecb) Importer(815301076,1909f56bfc062723c751e8b465ee728b)  -> (artifact id: '1b442d91da8bad5b628b4159fae7b385') in 0.003258 seconds 
  Import took 0.008085 seconds .

========================================================================
Received Import Request.
  Time since last request: 10.199048 seconds.
  path: Assets/Scripts/AI/StateMachine.cs
  artifactKey: Guid(01c072aed872dd04086f49460d7c5ecb) Importer(815301076,1909f56bfc062723c751e8b465ee728b)
Start importing Assets/Scripts/AI/StateMachine.cs using Guid(01c072aed872dd04086f49460d7c5ecb) Importer(815301076,1909f56bfc062723c751e8b465ee728b)  -> (artifact id: '14ba78aac0e22102b5adced07f28e383') in 0.003230 seconds 
  Import took 0.008593 seconds .

========================================================================
Received Prepare
Registering precompiled user dll's ...
Registered in 0.003311 seconds.
Begin MonoManager ReloadAssembly
Native extension for WindowsStandalone target not found
Refreshing native plugins compatible for Editor in 0.74 ms, found 2 plugins.
Preloading 0 native plugins for Editor in 0.00 ms.
Mono: successfully reloaded assembly
- Completed reload, in  0.906 seconds
Domain Reload Profiling:
	ReloadAssembly (907ms)
		BeginReloadAssembly (106ms)
			ExecutionOrderSort (0ms)
			DisableScriptedObjects (4ms)
			BackupInstance (0ms)
			ReleaseScriptingObjects (0ms)
			CreateAndSetChildDomain (33ms)
		EndReloadAssembly (745ms)
			LoadAssemblies (76ms)
			RebuildTransferFunctionScriptingTraits (0ms)
			SetupTypeCache (267ms)
			ReleaseScriptCaches (2ms)
			RebuildScriptCaches (40ms)
			SetupLoadedEditorAssemblies (266ms)
				LogAssemblyErrors (0ms)
				InitializePlatformSupportModulesInManaged (3ms)
				SetLoadedEditorAssemblies (0ms)
				RefreshPlugins (1ms)
				BeforeProcessingInitializeOnLoad (73ms)
				ProcessInitializeOnLoadAttributes (176ms)
				ProcessInitializeOnLoadMethodAttributes (7ms)
				AfterProcessingInitializeOnLoad (6ms)
				EditorAssembliesLoaded (0ms)
			ExecutionOrderSort2 (0ms)
			AwakeInstancesAfterBackupRestoration (7ms)
Platform modules already initialized, skipping
Refreshing native plugins compatible for Editor in 0.65 ms, found 2 plugins.
Preloading 0 native plugins for Editor in 0.00 ms.
Unloading 3040 Unused Serialized files (Serialized files now loaded: 0)
System memory in use before: 136.9 MB.
System memory in use after: 137.1 MB.

Unloading 13 unused Assets to reduce memory usage. Loaded Objects now: 3638.
Total: 3.109900 ms (FindLiveObjects: 0.341500 ms CreateObjectMapping: 0.076800 ms MarkObjects: 2.671700 ms  DeleteObjects: 0.018800 ms)

AssetImportParameters requested are different than current active one (requested -> active):
  custom:framework-win-MediaFoundation: 216162199b28c13a410421893ffa2e32 -> 
  custom:video-decoder-ogg-theora: a1e56fd34408186e4bbccfd4996cb3dc -> 
  custom:container-muxer-webm: aa71ff27fc2769a1b78a27578f13a17b -> 
  custom:container-demuxer-webm: 4f35f7cbe854078d1ac9338744f61a02 -> 
  custom:container-demuxer-ogg: 62fdf1f143b41e24485cea50d1cbac27 -> 
  custom:video-encoder-webm-vp8: eb34c28f22e8b96e1ab97ce403110664 -> 
  custom:video-decoder-webm-vp8: 9c59270c3fd7afecdb556c50c9e8de78 -> 
  custom:audio-decoder-ogg-vorbis: bf7c407c2cedff20999df2af8eb42d56 -> 
  custom:audio-encoder-webm-vorbis: bf7c407c2cedff20999df2af8eb42d56 -> 
========================================================================
Received Import Request.
  Time since last request: 76.669088 seconds.
  path: Assets/Scripts/AI/Turret.cs
  artifactKey: Guid(3c63b4d808480b345b80ebb54179c7e4) Importer(815301076,1909f56bfc062723c751e8b465ee728b)
Start importing Assets/Scripts/AI/Turret.cs using Guid(3c63b4d808480b345b80ebb54179c7e4) Importer(815301076,1909f56bfc062723c751e8b465ee728b)  -> (artifact id: 'f46b16294644834533a1ea87cc6cd7d0') in 0.010738 seconds 
  Import took 0.016471 seconds .

========================================================================
Received Prepare
Registering precompiled user dll's ...
Registered in 0.003539 seconds.
Begin MonoManager ReloadAssembly
Native extension for WindowsStandalone target not found
Refreshing native plugins compatible for Editor in 0.64 ms, found 2 plugins.
Preloading 0 native plugins for Editor in 0.00 ms.
Mono: successfully reloaded assembly
- Completed reload, in  0.894 seconds
Domain Reload Profiling:
	ReloadAssembly (895ms)
		BeginReloadAssembly (93ms)
			ExecutionOrderSort (0ms)
			DisableScriptedObjects (4ms)
			BackupInstance (0ms)
			ReleaseScriptingObjects (0ms)
			CreateAndSetChildDomain (30ms)
		EndReloadAssembly (749ms)
			LoadAssemblies (76ms)
			RebuildTransferFunctionScriptingTraits (0ms)
			SetupTypeCache (258ms)
			ReleaseScriptCaches (1ms)
			RebuildScriptCaches (40ms)
			SetupLoadedEditorAssemblies (276ms)
				LogAssemblyErrors (0ms)
				InitializePlatformSupportModulesInManaged (3ms)
				SetLoadedEditorAssemblies (0ms)
				RefreshPlugins (1ms)
				BeforeProcessingInitializeOnLoad (73ms)
				ProcessInitializeOnLoadAttributes (184ms)
				ProcessInitializeOnLoadMethodAttributes (8ms)
				AfterProcessingInitializeOnLoad (6ms)
				EditorAssembliesLoaded (0ms)
			ExecutionOrderSort2 (0ms)
			AwakeInstancesAfterBackupRestoration (8ms)
Platform modules already initialized, skipping
Refreshing native plugins compatible for Editor in 0.66 ms, found 2 plugins.
Preloading 0 native plugins for Editor in 0.00 ms.
Unloading 3041 Unused Serialized files (Serialized files now loaded: 0)
System memory in use before: 136.9 MB.
System memory in use after: 137.1 MB.

Unloading 13 unused Assets to reduce memory usage. Loaded Objects now: 3641.
Total: 3.218600 ms (FindLiveObjects: 0.349100 ms CreateObjectMapping: 0.077200 ms MarkObjects: 2.776900 ms  DeleteObjects: 0.014400 ms)

AssetImportParameters requested are different than current active one (requested -> active):
  custom:framework-win-MediaFoundation: 216162199b28c13a410421893ffa2e32 -> 
  custom:video-decoder-ogg-theora: a1e56fd34408186e4bbccfd4996cb3dc -> 
  custom:container-muxer-webm: aa71ff27fc2769a1b78a27578f13a17b -> 
  custom:container-demuxer-webm: 4f35f7cbe854078d1ac9338744f61a02 -> 
  custom:container-demuxer-ogg: 62fdf1f143b41e24485cea50d1cbac27 -> 
  custom:video-encoder-webm-vp8: eb34c28f22e8b96e1ab97ce403110664 -> 
  custom:video-decoder-webm-vp8: 9c59270c3fd7afecdb556c50c9e8de78 -> 
  custom:audio-decoder-ogg-vorbis: bf7c407c2cedff20999df2af8eb42d56 -> 
  custom:audio-encoder-webm-vorbis: bf7c407c2cedff20999df2af8eb42d56 -> 
========================================================================
Received Import Request.
  Time since last request: 34.001374 seconds.
  path: Assets/Scripts/AI/Turret.cs
  artifactKey: Guid(3c63b4d808480b345b80ebb54179c7e4) Importer(815301076,1909f56bfc062723c751e8b465ee728b)
Start importing Assets/Scripts/AI/Turret.cs using Guid(3c63b4d808480b345b80ebb54179c7e4) Importer(815301076,1909f56bfc062723c751e8b465ee728b)  -> (artifact id: '184e2f99f91010a5f95dbd6ce6103ee2') in 0.006141 seconds 
  Import took 0.010953 seconds .

========================================================================
Received Import Request.
  Time since last request: 51.861381 seconds.
  path: Assets/Scripts/AI/Turret.cs
  artifactKey: Guid(3c63b4d808480b345b80ebb54179c7e4) Importer(815301076,1909f56bfc062723c751e8b465ee728b)
Start importing Assets/Scripts/AI/Turret.cs using Guid(3c63b4d808480b345b80ebb54179c7e4) Importer(815301076,1909f56bfc062723c751e8b465ee728b)  -> (artifact id: '12f11649509ee1cf42deab2fb8a49294') in 0.003553 seconds 
  Import took 0.009107 seconds .

========================================================================
Received Import Request.
  Time since last request: 17.311863 seconds.
  path: Assets/Scripts/AI/Turret.cs
  artifactKey: Guid(3c63b4d808480b345b80ebb54179c7e4) Importer(815301076,1909f56bfc062723c751e8b465ee728b)
Start importing Assets/Scripts/AI/Turret.cs using Guid(3c63b4d808480b345b80ebb54179c7e4) Importer(815301076,1909f56bfc062723c751e8b465ee728b)  -> (artifact id: 'c4ddc2fb4c1c71561ef239e2eada42e5') in 0.003294 seconds 
  Import took 0.007915 seconds .

========================================================================
Received Import Request.
  Time since last request: 46.268931 seconds.
  path: Assets/Scripts/AI/Turret.cs
  artifactKey: Guid(3c63b4d808480b345b80ebb54179c7e4) Importer(815301076,1909f56bfc062723c751e8b465ee728b)
Start importing Assets/Scripts/AI/Turret.cs using Guid(3c63b4d808480b345b80ebb54179c7e4) Importer(815301076,1909f56bfc062723c751e8b465ee728b)  -> (artifact id: 'eba0b7c4ca4f6bd824ec72ef43e834ba') in 0.003551 seconds 
  Import took 0.008941 seconds .

========================================================================
Received Import Request.
  Time since last request: 41.194665 seconds.
  path: Assets/Scripts/AI/Turret.cs
  artifactKey: Guid(3c63b4d808480b345b80ebb54179c7e4) Importer(815301076,1909f56bfc062723c751e8b465ee728b)
Start importing Assets/Scripts/AI/Turret.cs using Guid(3c63b4d808480b345b80ebb54179c7e4) Importer(815301076,1909f56bfc062723c751e8b465ee728b)  -> (artifact id: 'be94c0b3622d51eeaa6bef2b29ac9ac4') in 0.003165 seconds 
  Import took 0.008061 seconds .

========================================================================
Received Import Request.
  Time since last request: 53.625568 seconds.
  path: Assets/Scripts/AI/Turret.cs
  artifactKey: Guid(3c63b4d808480b345b80ebb54179c7e4) Importer(815301076,1909f56bfc062723c751e8b465ee728b)
Start importing Assets/Scripts/AI/Turret.cs using Guid(3c63b4d808480b345b80ebb54179c7e4) Importer(815301076,1909f56bfc062723c751e8b465ee728b)  -> (artifact id: '5e9f01befe501af15ea005d8153733cc') in 0.003276 seconds 
  Import took 0.007828 seconds .

========================================================================
Received Import Request.
  Time since last request: 19.843063 seconds.
  path: Assets/Scripts/AI/Turret.cs
  artifactKey: Guid(3c63b4d808480b345b80ebb54179c7e4) Importer(815301076,1909f56bfc062723c751e8b465ee728b)
Start importing Assets/Scripts/AI/Turret.cs using Guid(3c63b4d808480b345b80ebb54179c7e4) Importer(815301076,1909f56bfc062723c751e8b465ee728b)  -> (artifact id: 'ecc7fbdda808e83d9a7e3b71ea182e99') in 0.003060 seconds 
  Import took 0.007649 seconds .

========================================================================
Received Import Request.
  Time since last request: 48.777760 seconds.
  path: Assets/Scripts/AI/Turret.cs
  artifactKey: Guid(3c63b4d808480b345b80ebb54179c7e4) Importer(815301076,1909f56bfc062723c751e8b465ee728b)
Start importing Assets/Scripts/AI/Turret.cs using Guid(3c63b4d808480b345b80ebb54179c7e4) Importer(815301076,1909f56bfc062723c751e8b465ee728b)  -> (artifact id: 'e9684569c8330e445160168a65aa318e') in 0.003410 seconds 
  Import took 0.008142 seconds .

========================================================================
Received Import Request.
  Time since last request: 50.737957 seconds.
  path: Assets/Scripts/AI/Turret.cs
  artifactKey: Guid(3c63b4d808480b345b80ebb54179c7e4) Importer(815301076,1909f56bfc062723c751e8b465ee728b)
Start importing Assets/Scripts/AI/Turret.cs using Guid(3c63b4d808480b345b80ebb54179c7e4) Importer(815301076,1909f56bfc062723c751e8b465ee728b)  -> (artifact id: '8dd3b550a23a12462c5d0162f0ce6d39') in 0.003231 seconds 
  Import took 0.008161 seconds .

========================================================================
Received Import Request.
  Time since last request: 4.081418 seconds.
  path: Assets/Scripts/AI/Turret.cs
  artifactKey: Guid(3c63b4d808480b345b80ebb54179c7e4) Importer(815301076,1909f56bfc062723c751e8b465ee728b)
Start importing Assets/Scripts/AI/Turret.cs using Guid(3c63b4d808480b345b80ebb54179c7e4) Importer(815301076,1909f56bfc062723c751e8b465ee728b)  -> (artifact id: '1c8a9b1b6db2bbb73cddd388f0f77d5a') in 0.003339 seconds 
  Import took 0.008457 seconds .

========================================================================
Received Import Request.
  Time since last request: 32.046257 seconds.
  path: Assets/Scripts/AI/Turret.cs
  artifactKey: Guid(3c63b4d808480b345b80ebb54179c7e4) Importer(815301076,1909f56bfc062723c751e8b465ee728b)
Start importing Assets/Scripts/AI/Turret.cs using Guid(3c63b4d808480b345b80ebb54179c7e4) Importer(815301076,1909f56bfc062723c751e8b465ee728b)  -> (artifact id: 'b97ca40819e6fbb29674966f3e01a356') in 0.003260 seconds 
  Import took 0.008325 seconds .

========================================================================
Received Import Request.
  Time since last request: 30.635215 seconds.
  path: Assets/Scripts/AI/Turret.cs
  artifactKey: Guid(3c63b4d808480b345b80ebb54179c7e4) Importer(815301076,1909f56bfc062723c751e8b465ee728b)
Start importing Assets/Scripts/AI/Turret.cs using Guid(3c63b4d808480b345b80ebb54179c7e4) Importer(815301076,1909f56bfc062723c751e8b465ee728b)  -> (artifact id: '3e984b8d8ff7bf1ff9d94e16456de6f4') in 0.002276 seconds 
  Import took 0.006908 seconds .

========================================================================
Received Import Request.
  Time since last request: 24.591364 seconds.
  path: Assets/Scripts/AI/Turret.cs
  artifactKey: Guid(3c63b4d808480b345b80ebb54179c7e4) Importer(815301076,1909f56bfc062723c751e8b465ee728b)
Start importing Assets/Scripts/AI/Turret.cs using Guid(3c63b4d808480b345b80ebb54179c7e4) Importer(815301076,1909f56bfc062723c751e8b465ee728b)  -> (artifact id: 'ff6ea680be8247b677baaa84563df306') in 0.003589 seconds 
  Import took 0.008414 seconds .

========================================================================
Received Import Request.
  Time since last request: 59.296013 seconds.
  path: Assets/Scripts/AI/Turret.cs
  artifactKey: Guid(3c63b4d808480b345b80ebb54179c7e4) Importer(815301076,1909f56bfc062723c751e8b465ee728b)
Start importing Assets/Scripts/AI/Turret.cs using Guid(3c63b4d808480b345b80ebb54179c7e4) Importer(815301076,1909f56bfc062723c751e8b465ee728b)  -> (artifact id: '04e2974eb499111cccd501c78400f89b') in 0.003411 seconds 
  Import took 0.008042 seconds .

========================================================================
Received Import Request.
  Time since last request: 19.206243 seconds.
  path: Assets/Scripts/AI/Turret.cs
  artifactKey: Guid(3c63b4d808480b345b80ebb54179c7e4) Importer(815301076,1909f56bfc062723c751e8b465ee728b)
Start importing Assets/Scripts/AI/Turret.cs using Guid(3c63b4d808480b345b80ebb54179c7e4) Importer(815301076,1909f56bfc062723c751e8b465ee728b)  -> (artifact id: 'ce086e09372b82c576ed8eebde314d99') in 0.003202 seconds 
  Import took 0.007967 seconds .

========================================================================
Received Import Request.
  Time since last request: 18.993042 seconds.
  path: Assets/Scripts/AI/Turret.cs
  artifactKey: Guid(3c63b4d808480b345b80ebb54179c7e4) Importer(815301076,1909f56bfc062723c751e8b465ee728b)
Start importing Assets/Scripts/AI/Turret.cs using Guid(3c63b4d808480b345b80ebb54179c7e4) Importer(815301076,1909f56bfc062723c751e8b465ee728b)  -> (artifact id: 'b144bc06ff6caf6b1e5085edf3b1ac8e') in 0.003239 seconds 
  Import took 0.007938 seconds .

========================================================================
Received Import Request.
  Time since last request: 37.612074 seconds.
  path: Assets/Scripts/AI/Turret.cs
  artifactKey: Guid(3c63b4d808480b345b80ebb54179c7e4) Importer(815301076,1909f56bfc062723c751e8b465ee728b)
Start importing Assets/Scripts/AI/Turret.cs using Guid(3c63b4d808480b345b80ebb54179c7e4) Importer(815301076,1909f56bfc062723c751e8b465ee728b)  -> (artifact id: '26604b6d64469a3c1c28b63718c63ac1') in 0.003343 seconds 
  Import took 0.008049 seconds .

========================================================================
Received Import Request.
  Time since last request: 20.298966 seconds.
  path: Assets/Scripts/AI/Turret.cs
  artifactKey: Guid(3c63b4d808480b345b80ebb54179c7e4) Importer(815301076,1909f56bfc062723c751e8b465ee728b)
Start importing Assets/Scripts/AI/Turret.cs using Guid(3c63b4d808480b345b80ebb54179c7e4) Importer(815301076,1909f56bfc062723c751e8b465ee728b)  -> (artifact id: 'f4b314a4e8a49b4c30c145fb2aede746') in 0.002839 seconds 
  Import took 0.008254 seconds .

========================================================================
Received Prepare
Registering precompiled user dll's ...
Registered in 0.003094 seconds.
Begin MonoManager ReloadAssembly
Native extension for WindowsStandalone target not found
Refreshing native plugins compatible for Editor in 0.64 ms, found 2 plugins.
Preloading 0 native plugins for Editor in 0.00 ms.
Mono: successfully reloaded assembly
- Completed reload, in  0.919 seconds
Domain Reload Profiling:
	ReloadAssembly (919ms)
		BeginReloadAssembly (106ms)
			ExecutionOrderSort (0ms)
			DisableScriptedObjects (4ms)
			BackupInstance (0ms)
			ReleaseScriptingObjects (0ms)
			CreateAndSetChildDomain (33ms)
		EndReloadAssembly (753ms)
			LoadAssemblies (88ms)
			RebuildTransferFunctionScriptingTraits (0ms)
			SetupTypeCache (274ms)
			ReleaseScriptCaches (1ms)
			RebuildScriptCaches (38ms)
			SetupLoadedEditorAssemblies (268ms)
				LogAssemblyErrors (0ms)
				InitializePlatformSupportModulesInManaged (3ms)
				SetLoadedEditorAssemblies (0ms)
				RefreshPlugins (1ms)
				BeforeProcessingInitializeOnLoad (74ms)
				ProcessInitializeOnLoadAttributes (176ms)
				ProcessInitializeOnLoadMethodAttributes (7ms)
				AfterProcessingInitializeOnLoad (6ms)
				EditorAssembliesLoaded (0ms)
			ExecutionOrderSort2 (0ms)
			AwakeInstancesAfterBackupRestoration (8ms)
Platform modules already initialized, skipping
Refreshing native plugins compatible for Editor in 0.68 ms, found 2 plugins.
Preloading 0 native plugins for Editor in 0.00 ms.
Unloading 3041 Unused Serialized files (Serialized files now loaded: 0)
System memory in use before: 136.9 MB.
System memory in use after: 137.1 MB.

Unloading 13 unused Assets to reduce memory usage. Loaded Objects now: 3643.
Total: 3.419600 ms (FindLiveObjects: 0.420900 ms CreateObjectMapping: 0.080300 ms MarkObjects: 2.884900 ms  DeleteObjects: 0.032100 ms)

AssetImportParameters requested are different than current active one (requested -> active):
  custom:framework-win-MediaFoundation: 216162199b28c13a410421893ffa2e32 -> 
  custom:video-decoder-ogg-theora: a1e56fd34408186e4bbccfd4996cb3dc -> 
  custom:container-muxer-webm: aa71ff27fc2769a1b78a27578f13a17b -> 
  custom:container-demuxer-webm: 4f35f7cbe854078d1ac9338744f61a02 -> 
  custom:container-demuxer-ogg: 62fdf1f143b41e24485cea50d1cbac27 -> 
  custom:video-encoder-webm-vp8: eb34c28f22e8b96e1ab97ce403110664 -> 
  custom:video-decoder-webm-vp8: 9c59270c3fd7afecdb556c50c9e8de78 -> 
  custom:audio-decoder-ogg-vorbis: bf7c407c2cedff20999df2af8eb42d56 -> 
  custom:audio-encoder-webm-vorbis: bf7c407c2cedff20999df2af8eb42d56 -> 
========================================================================
Received Import Request.
  Time since last request: 29.005093 seconds.
  path: Assets/Scenes/AI/StateMachine.unity
  artifactKey: Guid(62d5065cee1018e46964a6a6c40a2932) Importer(815301076,1909f56bfc062723c751e8b465ee728b)
Start importing Assets/Scenes/AI/StateMachine.unity using Guid(62d5065cee1018e46964a6a6c40a2932) Importer(815301076,1909f56bfc062723c751e8b465ee728b)  -> (artifact id: '86495ac355328841bb120b8ae3c75cfd') in 0.068333 seconds 
  Import took 0.073975 seconds .

========================================================================
Received Prepare
Registering precompiled user dll's ...
Registered in 0.003354 seconds.
Begin MonoManager ReloadAssembly
Native extension for WindowsStandalone target not found
Refreshing native plugins compatible for Editor in 0.69 ms, found 2 plugins.
Preloading 0 native plugins for Editor in 0.00 ms.
Mono: successfully reloaded assembly
- Completed reload, in  0.877 seconds
Domain Reload Profiling:
	ReloadAssembly (878ms)
		BeginReloadAssembly (109ms)
			ExecutionOrderSort (0ms)
			DisableScriptedObjects (4ms)
			BackupInstance (0ms)
			ReleaseScriptingObjects (0ms)
			CreateAndSetChildDomain (34ms)
		EndReloadAssembly (715ms)
			LoadAssemblies (78ms)
			RebuildTransferFunctionScriptingTraits (0ms)
			SetupTypeCache (253ms)
			ReleaseScriptCaches (1ms)
			RebuildScriptCaches (37ms)
			SetupLoadedEditorAssemblies (261ms)
				LogAssemblyErrors (0ms)
				InitializePlatformSupportModulesInManaged (3ms)
				SetLoadedEditorAssemblies (0ms)
				RefreshPlugins (1ms)
				BeforeProcessingInitializeOnLoad (72ms)
				ProcessInitializeOnLoadAttributes (171ms)
				ProcessInitializeOnLoadMethodAttributes (8ms)
				AfterProcessingInitializeOnLoad (6ms)
				EditorAssembliesLoaded (0ms)
			ExecutionOrderSort2 (0ms)
			AwakeInstancesAfterBackupRestoration (7ms)
Platform modules already initialized, skipping
Refreshing native plugins compatible for Editor in 0.66 ms, found 2 plugins.
Preloading 0 native plugins for Editor in 0.00 ms.
Unloading 3041 Unused Serialized files (Serialized files now loaded: 0)
System memory in use before: 136.9 MB.
System memory in use after: 137.1 MB.

Unloading 13 unused Assets to reduce memory usage. Loaded Objects now: 3645.
Total: 3.418900 ms (FindLiveObjects: 0.320900 ms CreateObjectMapping: 0.078800 ms MarkObjects: 3.000600 ms  DeleteObjects: 0.017300 ms)

AssetImportParameters requested are different than current active one (requested -> active):
  custom:framework-win-MediaFoundation: 216162199b28c13a410421893ffa2e32 -> 
  custom:video-decoder-ogg-theora: a1e56fd34408186e4bbccfd4996cb3dc -> 
  custom:container-muxer-webm: aa71ff27fc2769a1b78a27578f13a17b -> 
  custom:container-demuxer-webm: 4f35f7cbe854078d1ac9338744f61a02 -> 
  custom:container-demuxer-ogg: 62fdf1f143b41e24485cea50d1cbac27 -> 
  custom:video-encoder-webm-vp8: eb34c28f22e8b96e1ab97ce403110664 -> 
  custom:video-decoder-webm-vp8: 9c59270c3fd7afecdb556c50c9e8de78 -> 
  custom:audio-decoder-ogg-vorbis: bf7c407c2cedff20999df2af8eb42d56 -> 
  custom:audio-encoder-webm-vorbis: bf7c407c2cedff20999df2af8eb42d56 -> 
========================================================================
Received Prepare
Registering precompiled user dll's ...
Registered in 0.003184 seconds.
Begin MonoManager ReloadAssembly
Native extension for WindowsStandalone target not found
Refreshing native plugins compatible for Editor in 0.64 ms, found 2 plugins.
Preloading 0 native plugins for Editor in 0.00 ms.
Mono: successfully reloaded assembly
- Completed reload, in  0.885 seconds
Domain Reload Profiling:
	ReloadAssembly (885ms)
		BeginReloadAssembly (95ms)
			ExecutionOrderSort (0ms)
			DisableScriptedObjects (4ms)
			BackupInstance (0ms)
			ReleaseScriptingObjects (0ms)
			CreateAndSetChildDomain (31ms)
		EndReloadAssembly (736ms)
			LoadAssemblies (74ms)
			RebuildTransferFunctionScriptingTraits (0ms)
			SetupTypeCache (258ms)
			ReleaseScriptCaches (1ms)
			RebuildScriptCaches (40ms)
			SetupLoadedEditorAssemblies (264ms)
				LogAssemblyErrors (0ms)
				InitializePlatformSupportModulesInManaged (3ms)
				SetLoadedEditorAssemblies (0ms)
				RefreshPlugins (1ms)
				BeforeProcessingInitializeOnLoad (70ms)
				ProcessInitializeOnLoadAttributes (176ms)
				ProcessInitializeOnLoadMethodAttributes (8ms)
				AfterProcessingInitializeOnLoad (6ms)
				EditorAssembliesLoaded (0ms)
			ExecutionOrderSort2 (0ms)
			AwakeInstancesAfterBackupRestoration (8ms)
Platform modules already initialized, skipping
Refreshing native plugins compatible for Editor in 0.70 ms, found 2 plugins.
Preloading 0 native plugins for Editor in 0.00 ms.
Unloading 3041 Unused Serialized files (Serialized files now loaded: 0)
System memory in use before: 136.9 MB.
System memory in use after: 137.1 MB.

Unloading 13 unused Assets to reduce memory usage. Loaded Objects now: 3647.
Total: 5.330900 ms (FindLiveObjects: 0.439700 ms CreateObjectMapping: 0.080900 ms MarkObjects: 4.761700 ms  DeleteObjects: 0.045300 ms)

AssetImportParameters requested are different than current active one (requested -> active):
  custom:framework-win-MediaFoundation: 216162199b28c13a410421893ffa2e32 -> 
  custom:video-decoder-ogg-theora: a1e56fd34408186e4bbccfd4996cb3dc -> 
  custom:container-muxer-webm: aa71ff27fc2769a1b78a27578f13a17b -> 
  custom:container-demuxer-webm: 4f35f7cbe854078d1ac9338744f61a02 -> 
  custom:container-demuxer-ogg: 62fdf1f143b41e24485cea50d1cbac27 -> 
  custom:video-encoder-webm-vp8: eb34c28f22e8b96e1ab97ce403110664 -> 
  custom:video-decoder-webm-vp8: 9c59270c3fd7afecdb556c50c9e8de78 -> 
  custom:audio-decoder-ogg-vorbis: bf7c407c2cedff20999df2af8eb42d56 -> 
  custom:audio-encoder-webm-vorbis: bf7c407c2cedff20999df2af8eb42d56 -> 
