Using pre-set license
Built from '2020.3/staging' branch; Version is '2020.3.20f1 (41c4e627c95f) revision 4310246'; Using compiler version '192528614'; Build Type 'Release'
OS: 'Windows 10 Pro; OS build 19043.1237; Version 2009; 64bit' Language: 'en' Physical Memory: 32710 MB
BatchMode: 1, IsHumanControllingUs: 0, StartBugReporterOnCrash: 0, Is64bit: 1, IsPro: 0

COMMAND LINE ARGUMENTS:
C:\Program Files\Unity\Hub\Editor\2020.3.20f1\Editor\Unity.exe
-adb2
-batchMode
-noUpm
-name
AssetImportWorker2
-projectPath
C:/DEV/UnityProjects/UnityCookbook
-logFile
Logs/AssetImportWorker2.log
-srvPort
54714
Successfully changed project path to: C:/DEV/UnityProjects/UnityCookbook
C:/DEV/UnityProjects/UnityCookbook
Using Asset Import Pipeline V2.
Refreshing native plugins compatible for Editor in 54.74 ms, found 2 plugins.
Preloading 0 native plugins for Editor in 0.00 ms.
Initialize engine version: 2020.3.20f1 (41c4e627c95f)
[Subsystems] Discovering subsystems at path C:/Program Files/Unity/Hub/Editor/2020.3.20f1/Editor/Data/Resources/UnitySubsystems
[Subsystems] Discovering subsystems at path C:/DEV/UnityProjects/UnityCookbook/Assets
GfxDevice: creating device client; threaded=0
Direct3D:
    Version:  Direct3D 11.0 [level 11.1]
    Renderer: NVIDIA GeForce RTX 2080 (ID=0x1e87)
    Vendor:   
    VRAM:     8010 MB
    Driver:   30.0.14.7168
Initialize mono
Mono path[0] = 'C:/Program Files/Unity/Hub/Editor/2020.3.20f1/Editor/Data/Managed'
Mono path[1] = 'C:/Program Files/Unity/Hub/Editor/2020.3.20f1/Editor/Data/MonoBleedingEdge/lib/mono/unityjit'
Mono config path = 'C:/Program Files/Unity/Hub/Editor/2020.3.20f1/Editor/Data/MonoBleedingEdge/etc'
Using monoOptions --debugger-agent=transport=dt_socket,embedding=1,server=y,suspend=n,address=127.0.0.1:56956
Begin MonoManager ReloadAssembly
Registering precompiled unity dll's ...
Register platform support module: C:/Program Files/Unity/Hub/Editor/2020.3.20f1/Editor/Data/PlaybackEngines/WindowsStandaloneSupport/UnityEditor.WindowsStandalone.Extensions.dll
Registered in 0.002113 seconds.
Native extension for WindowsStandalone target not found
Refreshing native plugins compatible for Editor in 52.52 ms, found 2 plugins.
Preloading 0 native plugins for Editor in 0.00 ms.
Mono: successfully reloaded assembly
- Completed reload, in  1.330 seconds
Domain Reload Profiling:
	ReloadAssembly (1330ms)
		BeginReloadAssembly (52ms)
			ExecutionOrderSort (0ms)
			DisableScriptedObjects (0ms)
			BackupInstance (0ms)
			ReleaseScriptingObjects (0ms)
			CreateAndSetChildDomain (1ms)
		EndReloadAssembly (374ms)
			LoadAssemblies (50ms)
			RebuildTransferFunctionScriptingTraits (0ms)
			SetupTypeCache (120ms)
			ReleaseScriptCaches (0ms)
			RebuildScriptCaches (31ms)
			SetupLoadedEditorAssemblies (160ms)
				LogAssemblyErrors (0ms)
				InitializePlatformSupportModulesInManaged (4ms)
				SetLoadedEditorAssemblies (0ms)
				RefreshPlugins (53ms)
				BeforeProcessingInitializeOnLoad (15ms)
				ProcessInitializeOnLoadAttributes (66ms)
				ProcessInitializeOnLoadMethodAttributes (23ms)
				AfterProcessingInitializeOnLoad (0ms)
				EditorAssembliesLoaded (0ms)
			ExecutionOrderSort2 (0ms)
			AwakeInstancesAfterBackupRestoration (0ms)
Platform modules already initialized, skipping
Registering precompiled user dll's ...
Registered in 0.002980 seconds.
Begin MonoManager ReloadAssembly
Native extension for WindowsStandalone target not found
Refreshing native plugins compatible for Editor in 52.28 ms, found 2 plugins.
Preloading 0 native plugins for Editor in 0.00 ms.
Mono: successfully reloaded assembly
- Completed reload, in  1.055 seconds
Domain Reload Profiling:
	ReloadAssembly (1055ms)
		BeginReloadAssembly (127ms)
			ExecutionOrderSort (0ms)
			DisableScriptedObjects (4ms)
			BackupInstance (0ms)
			ReleaseScriptingObjects (0ms)
			CreateAndSetChildDomain (18ms)
		EndReloadAssembly (872ms)
			LoadAssemblies (77ms)
			RebuildTransferFunctionScriptingTraits (0ms)
			SetupTypeCache (270ms)
			ReleaseScriptCaches (1ms)
			RebuildScriptCaches (62ms)
			SetupLoadedEditorAssemblies (355ms)
				LogAssemblyErrors (0ms)
				InitializePlatformSupportModulesInManaged (3ms)
				SetLoadedEditorAssemblies (0ms)
				RefreshPlugins (52ms)
				BeforeProcessingInitializeOnLoad (86ms)
				ProcessInitializeOnLoadAttributes (201ms)
				ProcessInitializeOnLoadMethodAttributes (7ms)
				AfterProcessingInitializeOnLoad (6ms)
				EditorAssembliesLoaded (0ms)
			ExecutionOrderSort2 (0ms)
			AwakeInstancesAfterBackupRestoration (6ms)
Platform modules already initialized, skipping
========================================================================
Worker process is ready to serve import requests
Launched and connected shader compiler UnityShaderCompiler.exe after 0.05 seconds
Refreshing native plugins compatible for Editor in 0.64 ms, found 2 plugins.
Preloading 0 native plugins for Editor in 0.00 ms.
Unloading 3174 Unused Serialized files (Serialized files now loaded: 0)
System memory in use before: 146.8 MB.
System memory in use after: 147.0 MB.

Unloading 18 unused Assets to reduce memory usage. Loaded Objects now: 3618.
Total: 3.203600 ms (FindLiveObjects: 0.318800 ms CreateObjectMapping: 0.077700 ms MarkObjects: 2.739500 ms  DeleteObjects: 0.066800 ms)

AssetImportParameters requested are different than current active one (requested -> active):
  custom:framework-win-MediaFoundation: 216162199b28c13a410421893ffa2e32 -> 
  custom:video-decoder-ogg-theora: a1e56fd34408186e4bbccfd4996cb3dc -> 
  custom:container-muxer-webm: aa71ff27fc2769a1b78a27578f13a17b -> 
  custom:container-demuxer-webm: 4f35f7cbe854078d1ac9338744f61a02 -> 
  custom:container-demuxer-ogg: 62fdf1f143b41e24485cea50d1cbac27 -> 
  custom:video-encoder-webm-vp8: eb34c28f22e8b96e1ab97ce403110664 -> 
  custom:video-decoder-webm-vp8: 9c59270c3fd7afecdb556c50c9e8de78 -> 
  custom:audio-decoder-ogg-vorbis: bf7c407c2cedff20999df2af8eb42d56 -> 
  custom:audio-encoder-webm-vorbis: bf7c407c2cedff20999df2af8eb42d56 -> 
========================================================================
Received Import Request.
  path: Assets/Scripts/Gameplay/LapTracker.cs
  artifactKey: Guid(4943d964e2466fa4e9f6d6533bedb3af) Importer(815301076,1909f56bfc062723c751e8b465ee728b)
Start importing Assets/Scripts/Gameplay/LapTracker.cs using Guid(4943d964e2466fa4e9f6d6533bedb3af) Importer(815301076,1909f56bfc062723c751e8b465ee728b)  -> (artifact id: '844579360f5294250ae48ec3a56b4da5') in 0.022925 seconds 
  Import took 0.027068 seconds .

========================================================================
Received Import Request.
  Time since last request: 13.417822 seconds.
  path: Assets/Scripts/Gameplay/LapTracker.cs
  artifactKey: Guid(4943d964e2466fa4e9f6d6533bedb3af) Importer(815301076,1909f56bfc062723c751e8b465ee728b)
Start importing Assets/Scripts/Gameplay/LapTracker.cs using Guid(4943d964e2466fa4e9f6d6533bedb3af) Importer(815301076,1909f56bfc062723c751e8b465ee728b)  -> (artifact id: '2390a32ca72cfe2d66895ddba7b62e41') in 0.003409 seconds 
  Import took 0.008048 seconds .

========================================================================
Received Import Request.
  Time since last request: 94.416371 seconds.
  path: Assets/Scripts/Gameplay/LapTracker.cs
  artifactKey: Guid(4943d964e2466fa4e9f6d6533bedb3af) Importer(815301076,1909f56bfc062723c751e8b465ee728b)
Start importing Assets/Scripts/Gameplay/LapTracker.cs using Guid(4943d964e2466fa4e9f6d6533bedb3af) Importer(815301076,1909f56bfc062723c751e8b465ee728b)  -> (artifact id: 'd22293317fde40017d3fecad2dc4dede') in 0.003489 seconds 
  Import took 0.008526 seconds .

========================================================================
Received Import Request.
  Time since last request: 34.692923 seconds.
  path: Assets/Scripts/Gameplay/LapTracker.cs
  artifactKey: Guid(4943d964e2466fa4e9f6d6533bedb3af) Importer(815301076,1909f56bfc062723c751e8b465ee728b)
Start importing Assets/Scripts/Gameplay/LapTracker.cs using Guid(4943d964e2466fa4e9f6d6533bedb3af) Importer(815301076,1909f56bfc062723c751e8b465ee728b)  -> (artifact id: '164d96d12a8a35fbb16f105afd19f62c') in 0.003291 seconds 
  Import took 0.008135 seconds .

========================================================================
Received Import Request.
  Time since last request: 11.281574 seconds.
  path: Assets/Scripts/Gameplay/LapTracker.cs
  artifactKey: Guid(4943d964e2466fa4e9f6d6533bedb3af) Importer(815301076,1909f56bfc062723c751e8b465ee728b)
Start importing Assets/Scripts/Gameplay/LapTracker.cs using Guid(4943d964e2466fa4e9f6d6533bedb3af) Importer(815301076,1909f56bfc062723c751e8b465ee728b)  -> (artifact id: '336df3766a501d033576ed4bb84eabf3') in 0.003630 seconds 
  Import took 0.008799 seconds .

========================================================================
Received Import Request.
  Time since last request: 18.119461 seconds.
  path: Assets/Scripts/Gameplay/LapTracker.cs
  artifactKey: Guid(4943d964e2466fa4e9f6d6533bedb3af) Importer(815301076,1909f56bfc062723c751e8b465ee728b)
Start importing Assets/Scripts/Gameplay/LapTracker.cs using Guid(4943d964e2466fa4e9f6d6533bedb3af) Importer(815301076,1909f56bfc062723c751e8b465ee728b)  -> (artifact id: '4bbafb6f1ef0f478235d6eedfbe3cec1') in 0.003641 seconds 
  Import took 0.008999 seconds .

========================================================================
Received Import Request.
  Time since last request: 31.889475 seconds.
  path: Assets/Scripts/Gameplay/LapTracker.cs
  artifactKey: Guid(4943d964e2466fa4e9f6d6533bedb3af) Importer(815301076,1909f56bfc062723c751e8b465ee728b)
Start importing Assets/Scripts/Gameplay/LapTracker.cs using Guid(4943d964e2466fa4e9f6d6533bedb3af) Importer(815301076,1909f56bfc062723c751e8b465ee728b)  -> (artifact id: 'f720c36cb4d602c51558a085b1a8c739') in 0.003335 seconds 
  Import took 0.008066 seconds .

========================================================================
Received Import Request.
  Time since last request: 122.463056 seconds.
  path: Assets/Scripts/Gameplay/LapTracker.cs
  artifactKey: Guid(4943d964e2466fa4e9f6d6533bedb3af) Importer(815301076,1909f56bfc062723c751e8b465ee728b)
Start importing Assets/Scripts/Gameplay/LapTracker.cs using Guid(4943d964e2466fa4e9f6d6533bedb3af) Importer(815301076,1909f56bfc062723c751e8b465ee728b)  -> (artifact id: '52c566e21c9783c52860c34b9f55de7c') in 0.003593 seconds 
  Import took 0.008652 seconds .

========================================================================
Received Import Request.
  Time since last request: 15.510813 seconds.
  path: Assets/Scripts/Gameplay/LapTracker.cs
  artifactKey: Guid(4943d964e2466fa4e9f6d6533bedb3af) Importer(815301076,1909f56bfc062723c751e8b465ee728b)
Start importing Assets/Scripts/Gameplay/LapTracker.cs using Guid(4943d964e2466fa4e9f6d6533bedb3af) Importer(815301076,1909f56bfc062723c751e8b465ee728b)  -> (artifact id: 'fd9416cb0e15cdf8c3eb35655081d953') in 0.003378 seconds 
  Import took 0.008161 seconds .

========================================================================
Received Import Request.
  Time since last request: 37.361007 seconds.
  path: Assets/Scripts/Gameplay/LapTracker.cs
  artifactKey: Guid(4943d964e2466fa4e9f6d6533bedb3af) Importer(815301076,1909f56bfc062723c751e8b465ee728b)
Start importing Assets/Scripts/Gameplay/LapTracker.cs using Guid(4943d964e2466fa4e9f6d6533bedb3af) Importer(815301076,1909f56bfc062723c751e8b465ee728b)  -> (artifact id: '13f198124125e9228808e391e7618410') in 0.004641 seconds 
  Import took 0.009680 seconds .

========================================================================
Received Import Request.
  Time since last request: 91.336413 seconds.
  path: Assets/Scripts/Gameplay/LapTracker.cs
  artifactKey: Guid(4943d964e2466fa4e9f6d6533bedb3af) Importer(815301076,1909f56bfc062723c751e8b465ee728b)
Start importing Assets/Scripts/Gameplay/LapTracker.cs using Guid(4943d964e2466fa4e9f6d6533bedb3af) Importer(815301076,1909f56bfc062723c751e8b465ee728b)  -> (artifact id: '6831ca903cd8019f18b19a4bfbb5a2c0') in 0.003350 seconds 
  Import took 0.008299 seconds .

========================================================================
Received Import Request.
  Time since last request: 119.077173 seconds.
  path: Assets/Scripts/Gameplay/LapTracker.cs
  artifactKey: Guid(4943d964e2466fa4e9f6d6533bedb3af) Importer(815301076,1909f56bfc062723c751e8b465ee728b)
Start importing Assets/Scripts/Gameplay/LapTracker.cs using Guid(4943d964e2466fa4e9f6d6533bedb3af) Importer(815301076,1909f56bfc062723c751e8b465ee728b)  -> (artifact id: '6529187472d7a62d76ffb96f7d0601de') in 0.004001 seconds 
  Import took 0.009310 seconds .

========================================================================
Received Import Request.
  Time since last request: 45.467149 seconds.
  path: Assets/Scripts/Gameplay/LapTracker.cs
  artifactKey: Guid(4943d964e2466fa4e9f6d6533bedb3af) Importer(815301076,1909f56bfc062723c751e8b465ee728b)
Start importing Assets/Scripts/Gameplay/LapTracker.cs using Guid(4943d964e2466fa4e9f6d6533bedb3af) Importer(815301076,1909f56bfc062723c751e8b465ee728b)  -> (artifact id: 'ad6b8453df3b7e4ef927bb6be39bbb3e') in 0.003524 seconds 
  Import took 0.008263 seconds .

========================================================================
Received Import Request.
  Time since last request: 36.366411 seconds.
  path: Assets/Scripts/Gameplay/LapTracker.cs
  artifactKey: Guid(4943d964e2466fa4e9f6d6533bedb3af) Importer(815301076,1909f56bfc062723c751e8b465ee728b)
Start importing Assets/Scripts/Gameplay/LapTracker.cs using Guid(4943d964e2466fa4e9f6d6533bedb3af) Importer(815301076,1909f56bfc062723c751e8b465ee728b)  -> (artifact id: '77e1d94400f3242871bceba01f096163') in 0.003764 seconds 
  Import took 0.008480 seconds .

========================================================================
Received Import Request.
  Time since last request: 1.265622 seconds.
  path: Assets/Scripts/Gameplay/LapTracker.cs
  artifactKey: Guid(4943d964e2466fa4e9f6d6533bedb3af) Importer(815301076,1909f56bfc062723c751e8b465ee728b)
Start importing Assets/Scripts/Gameplay/LapTracker.cs using Guid(4943d964e2466fa4e9f6d6533bedb3af) Importer(815301076,1909f56bfc062723c751e8b465ee728b)  -> (artifact id: '4878e921d86982db506173570099781b') in 0.004173 seconds 
  Import took 0.009388 seconds .

========================================================================
Received Import Request.
  Time since last request: 145.497861 seconds.
  path: Assets/Scripts/Gameplay/LapTracker.cs
  artifactKey: Guid(4943d964e2466fa4e9f6d6533bedb3af) Importer(815301076,1909f56bfc062723c751e8b465ee728b)
Start importing Assets/Scripts/Gameplay/LapTracker.cs using Guid(4943d964e2466fa4e9f6d6533bedb3af) Importer(815301076,1909f56bfc062723c751e8b465ee728b)  -> (artifact id: '36aa7817959b43db71108235d09b27e7') in 0.003620 seconds 
  Import took 0.008676 seconds .

========================================================================
Received Import Request.
  Time since last request: 52.467716 seconds.
  path: Assets/Scripts/Gameplay/LapTracker.cs
  artifactKey: Guid(4943d964e2466fa4e9f6d6533bedb3af) Importer(815301076,1909f56bfc062723c751e8b465ee728b)
Start importing Assets/Scripts/Gameplay/LapTracker.cs using Guid(4943d964e2466fa4e9f6d6533bedb3af) Importer(815301076,1909f56bfc062723c751e8b465ee728b)  -> (artifact id: 'a4f2e447d051e257e692a506d6d57a8f') in 0.003915 seconds 
  Import took 0.008689 seconds .

========================================================================
Received Import Request.
  Time since last request: 129.191174 seconds.
  path: Assets/Scripts/Gameplay/LapTracker.cs
  artifactKey: Guid(4943d964e2466fa4e9f6d6533bedb3af) Importer(815301076,1909f56bfc062723c751e8b465ee728b)
Start importing Assets/Scripts/Gameplay/LapTracker.cs using Guid(4943d964e2466fa4e9f6d6533bedb3af) Importer(815301076,1909f56bfc062723c751e8b465ee728b)  -> (artifact id: '52b30e74166122f634f2c95ca787d79f') in 0.002589 seconds 
  Import took 0.007694 seconds .

========================================================================
Received Import Request.
  Time since last request: 86.536210 seconds.
  path: Assets/Scripts/Gameplay/LapTracker.cs
  artifactKey: Guid(4943d964e2466fa4e9f6d6533bedb3af) Importer(815301076,1909f56bfc062723c751e8b465ee728b)
Start importing Assets/Scripts/Gameplay/LapTracker.cs using Guid(4943d964e2466fa4e9f6d6533bedb3af) Importer(815301076,1909f56bfc062723c751e8b465ee728b)  -> (artifact id: 'fe22c9a3cba5afa611ba802cd27a456e') in 0.003237 seconds 
  Import took 0.008356 seconds .

========================================================================
Received Import Request.
  Time since last request: 12.358908 seconds.
  path: Assets/Scripts/Gameplay/LapTracker.cs
  artifactKey: Guid(4943d964e2466fa4e9f6d6533bedb3af) Importer(815301076,1909f56bfc062723c751e8b465ee728b)
Start importing Assets/Scripts/Gameplay/LapTracker.cs using Guid(4943d964e2466fa4e9f6d6533bedb3af) Importer(815301076,1909f56bfc062723c751e8b465ee728b)  -> (artifact id: '8eaa8e4c7dbdb9dad841918d85edee21') in 0.003250 seconds 
  Import took 0.008116 seconds .

========================================================================
Received Import Request.
  Time since last request: 63.819672 seconds.
  path: Assets/Scripts/Gameplay/LapTracker.cs
  artifactKey: Guid(4943d964e2466fa4e9f6d6533bedb3af) Importer(815301076,1909f56bfc062723c751e8b465ee728b)
Start importing Assets/Scripts/Gameplay/LapTracker.cs using Guid(4943d964e2466fa4e9f6d6533bedb3af) Importer(815301076,1909f56bfc062723c751e8b465ee728b)  -> (artifact id: 'b43d4ff31217c45259f1bae41592a7b8') in 0.003482 seconds 
  Import took 0.008422 seconds .

========================================================================
Received Import Request.
  Time since last request: 94.250943 seconds.
  path: Assets/Scripts/Gameplay/LapTracker.cs
  artifactKey: Guid(4943d964e2466fa4e9f6d6533bedb3af) Importer(815301076,1909f56bfc062723c751e8b465ee728b)
Start importing Assets/Scripts/Gameplay/LapTracker.cs using Guid(4943d964e2466fa4e9f6d6533bedb3af) Importer(815301076,1909f56bfc062723c751e8b465ee728b)  -> (artifact id: '488b2862f0fdf0ddd54a68afb28a35fe') in 0.003843 seconds 
  Import took 0.009137 seconds .

========================================================================
Received Import Request.
  Time since last request: 5.501467 seconds.
  path: Assets/Scripts/Gameplay/LapTracker.cs
  artifactKey: Guid(4943d964e2466fa4e9f6d6533bedb3af) Importer(815301076,1909f56bfc062723c751e8b465ee728b)
Start importing Assets/Scripts/Gameplay/LapTracker.cs using Guid(4943d964e2466fa4e9f6d6533bedb3af) Importer(815301076,1909f56bfc062723c751e8b465ee728b)  -> (artifact id: '58b70a9e2a51a55a7c33aa5e62936d89') in 0.003303 seconds 
  Import took 0.008231 seconds .

========================================================================
Received Import Request.
  Time since last request: 1.545282 seconds.
  path: Assets/Scripts/Gameplay/LapTracker.cs
  artifactKey: Guid(4943d964e2466fa4e9f6d6533bedb3af) Importer(815301076,1909f56bfc062723c751e8b465ee728b)
Start importing Assets/Scripts/Gameplay/LapTracker.cs using Guid(4943d964e2466fa4e9f6d6533bedb3af) Importer(815301076,1909f56bfc062723c751e8b465ee728b)  -> (artifact id: 'c053e5bbf70fbc95a906cbd117119b0a') in 0.003688 seconds 
  Import took 0.008890 seconds .

========================================================================
Received Import Request.
  Time since last request: 20.033416 seconds.
  path: Assets/Scripts/Gameplay/LapTracker.cs
  artifactKey: Guid(4943d964e2466fa4e9f6d6533bedb3af) Importer(815301076,1909f56bfc062723c751e8b465ee728b)
Start importing Assets/Scripts/Gameplay/LapTracker.cs using Guid(4943d964e2466fa4e9f6d6533bedb3af) Importer(815301076,1909f56bfc062723c751e8b465ee728b)  -> (artifact id: '3311b7f6be3371f6f5dd24117ee70d2f') in 0.003547 seconds 
  Import took 0.008295 seconds .

========================================================================
Received Import Request.
  Time since last request: 56.474305 seconds.
  path: Assets/Scripts/Gameplay/LapTracker.cs
  artifactKey: Guid(4943d964e2466fa4e9f6d6533bedb3af) Importer(815301076,1909f56bfc062723c751e8b465ee728b)
Start importing Assets/Scripts/Gameplay/LapTracker.cs using Guid(4943d964e2466fa4e9f6d6533bedb3af) Importer(815301076,1909f56bfc062723c751e8b465ee728b)  -> (artifact id: 'ebc95c64d27f96a3cb74787082576387') in 0.004189 seconds 
  Import took 0.009390 seconds .

========================================================================
Received Import Request.
  Time since last request: 77.431338 seconds.
  path: Assets/Scripts/Gameplay/LapTracker.cs
  artifactKey: Guid(4943d964e2466fa4e9f6d6533bedb3af) Importer(815301076,1909f56bfc062723c751e8b465ee728b)
Start importing Assets/Scripts/Gameplay/LapTracker.cs using Guid(4943d964e2466fa4e9f6d6533bedb3af) Importer(815301076,1909f56bfc062723c751e8b465ee728b)  -> (artifact id: '9f8efc1cd090debb53d05f4b74104fe2') in 0.003557 seconds 
  Import took 0.008452 seconds .

========================================================================
Received Prepare
Registering precompiled user dll's ...
Registered in 0.004811 seconds.
Begin MonoManager ReloadAssembly
Native extension for WindowsStandalone target not found
Refreshing native plugins compatible for Editor in 0.66 ms, found 2 plugins.
Preloading 0 native plugins for Editor in 0.00 ms.
Mono: successfully reloaded assembly
- Completed reload, in  0.970 seconds
Domain Reload Profiling:
	ReloadAssembly (971ms)
		BeginReloadAssembly (121ms)
			ExecutionOrderSort (0ms)
			DisableScriptedObjects (4ms)
			BackupInstance (0ms)
			ReleaseScriptingObjects (0ms)
			CreateAndSetChildDomain (35ms)
		EndReloadAssembly (795ms)
			LoadAssemblies (85ms)
			RebuildTransferFunctionScriptingTraits (0ms)
			SetupTypeCache (264ms)
			ReleaseScriptCaches (1ms)
			RebuildScriptCaches (51ms)
			SetupLoadedEditorAssemblies (303ms)
				LogAssemblyErrors (0ms)
				InitializePlatformSupportModulesInManaged (4ms)
				SetLoadedEditorAssemblies (0ms)
				RefreshPlugins (1ms)
				BeforeProcessingInitializeOnLoad (84ms)
				ProcessInitializeOnLoadAttributes (199ms)
				ProcessInitializeOnLoadMethodAttributes (8ms)
				AfterProcessingInitializeOnLoad (6ms)
				EditorAssembliesLoaded (0ms)
			ExecutionOrderSort2 (0ms)
			AwakeInstancesAfterBackupRestoration (8ms)
Platform modules already initialized, skipping
Refreshing native plugins compatible for Editor in 0.64 ms, found 2 plugins.
Preloading 0 native plugins for Editor in 0.00 ms.
Unloading 3034 Unused Serialized files (Serialized files now loaded: 0)
System memory in use before: 136.6 MB.
System memory in use after: 136.9 MB.

Unloading 13 unused Assets to reduce memory usage. Loaded Objects now: 3620.
Total: 3.257800 ms (FindLiveObjects: 0.332700 ms CreateObjectMapping: 0.088200 ms MarkObjects: 2.819800 ms  DeleteObjects: 0.016200 ms)

AssetImportParameters requested are different than current active one (requested -> active):
  custom:framework-win-MediaFoundation: 216162199b28c13a410421893ffa2e32 -> 
  custom:video-decoder-ogg-theora: a1e56fd34408186e4bbccfd4996cb3dc -> 
  custom:container-muxer-webm: aa71ff27fc2769a1b78a27578f13a17b -> 
  custom:container-demuxer-webm: 4f35f7cbe854078d1ac9338744f61a02 -> 
  custom:container-demuxer-ogg: 62fdf1f143b41e24485cea50d1cbac27 -> 
  custom:video-encoder-webm-vp8: eb34c28f22e8b96e1ab97ce403110664 -> 
  custom:video-decoder-webm-vp8: 9c59270c3fd7afecdb556c50c9e8de78 -> 
  custom:audio-decoder-ogg-vorbis: bf7c407c2cedff20999df2af8eb42d56 -> 
  custom:audio-encoder-webm-vorbis: bf7c407c2cedff20999df2af8eb42d56 -> 
========================================================================
Received Prepare
Registering precompiled user dll's ...
Registered in 0.002975 seconds.
Begin MonoManager ReloadAssembly
Native extension for WindowsStandalone target not found
Refreshing native plugins compatible for Editor in 0.64 ms, found 2 plugins.
Preloading 0 native plugins for Editor in 0.00 ms.
Mono: successfully reloaded assembly
- Completed reload, in  1.007 seconds
Domain Reload Profiling:
	ReloadAssembly (1008ms)
		BeginReloadAssembly (117ms)
			ExecutionOrderSort (0ms)
			DisableScriptedObjects (5ms)
			BackupInstance (0ms)
			ReleaseScriptingObjects (0ms)
			CreateAndSetChildDomain (34ms)
		EndReloadAssembly (833ms)
			LoadAssemblies (79ms)
			RebuildTransferFunctionScriptingTraits (0ms)
			SetupTypeCache (302ms)
			ReleaseScriptCaches (1ms)
			RebuildScriptCaches (51ms)
			SetupLoadedEditorAssemblies (300ms)
				LogAssemblyErrors (0ms)
				InitializePlatformSupportModulesInManaged (4ms)
				SetLoadedEditorAssemblies (0ms)
				RefreshPlugins (1ms)
				BeforeProcessingInitializeOnLoad (83ms)
				ProcessInitializeOnLoadAttributes (198ms)
				ProcessInitializeOnLoadMethodAttributes (7ms)
				AfterProcessingInitializeOnLoad (6ms)
				EditorAssembliesLoaded (0ms)
			ExecutionOrderSort2 (0ms)
			AwakeInstancesAfterBackupRestoration (8ms)
Platform modules already initialized, skipping
Refreshing native plugins compatible for Editor in 0.65 ms, found 2 plugins.
Preloading 0 native plugins for Editor in 0.00 ms.
Unloading 3034 Unused Serialized files (Serialized files now loaded: 0)
System memory in use before: 136.7 MB.
System memory in use after: 136.9 MB.

Unloading 13 unused Assets to reduce memory usage. Loaded Objects now: 3622.
Total: 3.134600 ms (FindLiveObjects: 0.309000 ms CreateObjectMapping: 0.078100 ms MarkObjects: 2.733100 ms  DeleteObjects: 0.013600 ms)

AssetImportParameters requested are different than current active one (requested -> active):
  custom:framework-win-MediaFoundation: 216162199b28c13a410421893ffa2e32 -> 
  custom:video-decoder-ogg-theora: a1e56fd34408186e4bbccfd4996cb3dc -> 
  custom:container-muxer-webm: aa71ff27fc2769a1b78a27578f13a17b -> 
  custom:container-demuxer-webm: 4f35f7cbe854078d1ac9338744f61a02 -> 
  custom:container-demuxer-ogg: 62fdf1f143b41e24485cea50d1cbac27 -> 
  custom:video-encoder-webm-vp8: eb34c28f22e8b96e1ab97ce403110664 -> 
  custom:video-decoder-webm-vp8: 9c59270c3fd7afecdb556c50c9e8de78 -> 
  custom:audio-decoder-ogg-vorbis: bf7c407c2cedff20999df2af8eb42d56 -> 
  custom:audio-encoder-webm-vorbis: bf7c407c2cedff20999df2af8eb42d56 -> 
========================================================================
Received Prepare
Registering precompiled user dll's ...
Registered in 0.003024 seconds.
Begin MonoManager ReloadAssembly
Native extension for WindowsStandalone target not found
Refreshing native plugins compatible for Editor in 0.65 ms, found 2 plugins.
Preloading 0 native plugins for Editor in 0.00 ms.
Mono: successfully reloaded assembly
- Completed reload, in  0.951 seconds
Domain Reload Profiling:
	ReloadAssembly (951ms)
		BeginReloadAssembly (105ms)
			ExecutionOrderSort (0ms)
			DisableScriptedObjects (4ms)
			BackupInstance (0ms)
			ReleaseScriptingObjects (0ms)
			CreateAndSetChildDomain (34ms)
		EndReloadAssembly (790ms)
			LoadAssemblies (79ms)
			RebuildTransferFunctionScriptingTraits (0ms)
			SetupTypeCache (260ms)
			ReleaseScriptCaches (1ms)
			RebuildScriptCaches (50ms)
			SetupLoadedEditorAssemblies (302ms)
				LogAssemblyErrors (0ms)
				InitializePlatformSupportModulesInManaged (3ms)
				SetLoadedEditorAssemblies (0ms)
				RefreshPlugins (1ms)
				BeforeProcessingInitializeOnLoad (82ms)
				ProcessInitializeOnLoadAttributes (202ms)
				ProcessInitializeOnLoadMethodAttributes (7ms)
				AfterProcessingInitializeOnLoad (6ms)
				EditorAssembliesLoaded (0ms)
			ExecutionOrderSort2 (0ms)
			AwakeInstancesAfterBackupRestoration (8ms)
Platform modules already initialized, skipping
Refreshing native plugins compatible for Editor in 0.71 ms, found 2 plugins.
Preloading 0 native plugins for Editor in 0.00 ms.
Unloading 3034 Unused Serialized files (Serialized files now loaded: 0)
System memory in use before: 136.7 MB.
System memory in use after: 136.9 MB.

Unloading 13 unused Assets to reduce memory usage. Loaded Objects now: 3624.
Total: 3.158900 ms (FindLiveObjects: 0.347700 ms CreateObjectMapping: 0.077900 ms MarkObjects: 2.716800 ms  DeleteObjects: 0.015600 ms)

AssetImportParameters requested are different than current active one (requested -> active):
  custom:framework-win-MediaFoundation: 216162199b28c13a410421893ffa2e32 -> 
  custom:video-decoder-ogg-theora: a1e56fd34408186e4bbccfd4996cb3dc -> 
  custom:container-muxer-webm: aa71ff27fc2769a1b78a27578f13a17b -> 
  custom:container-demuxer-webm: 4f35f7cbe854078d1ac9338744f61a02 -> 
  custom:container-demuxer-ogg: 62fdf1f143b41e24485cea50d1cbac27 -> 
  custom:video-encoder-webm-vp8: eb34c28f22e8b96e1ab97ce403110664 -> 
  custom:video-decoder-webm-vp8: 9c59270c3fd7afecdb556c50c9e8de78 -> 
  custom:audio-decoder-ogg-vorbis: bf7c407c2cedff20999df2af8eb42d56 -> 
  custom:audio-encoder-webm-vorbis: bf7c407c2cedff20999df2af8eb42d56 -> 
